::1 [2020-02-18 01:43:36] ERROR "[8] Undefined index: page_id [C:\Xampp1\xampp\htdocs\Cigna\app\themes\default\_masters\page.master.php] (39)"
::1 [2020-02-18 01:43:36] ERROR "[8] Undefined index: page_id [C:\Xampp1\xampp\htdocs\Cigna\app\themes\default\_masters\page.master.php] (70)"
::1 [2020-02-18 01:43:37] ERROR "[8] Undefined property: Story\View::$main_page_content [C:\Xampp1\xampp\htdocs\Cigna\app\themes\default\_masters\page.master.php] (39)"
::1 [2020-02-18 01:43:37] ERROR "[8] Trying to get property of non-object [C:\Xampp1\xampp\htdocs\Cigna\app\themes\default\_masters\page.master.php] (39)"
::1 [2020-02-18 01:43:37] ERROR "[8] Undefined property: Story\View::$main_page_content [C:\Xampp1\xampp\htdocs\Cigna\app\themes\default\_masters\page.master.php] (70)"
::1 [2020-02-18 01:43:37] ERROR "[8] Trying to get property of non-object [C:\Xampp1\xampp\htdocs\Cigna\app\themes\default\_masters\page.master.php] (70)"
::1 [2020-02-18 01:43:38] ERROR "[8] Undefined property: Story\View::$main_page_content [C:\Xampp1\xampp\htdocs\Cigna\app\themes\default\_masters\page.master.php] (39)"
::1 [2020-02-18 01:43:38] ERROR "[8] Trying to get property of non-object [C:\Xampp1\xampp\htdocs\Cigna\app\themes\default\_masters\page.master.php] (39)"
::1 [2020-02-18 01:43:38] ERROR "[8] Undefined property: Story\View::$main_page_content [C:\Xampp1\xampp\htdocs\Cigna\app\themes\default\_masters\page.master.php] (70)"
::1 [2020-02-18 01:43:38] ERROR "[8] Trying to get property of non-object [C:\Xampp1\xampp\htdocs\Cigna\app\themes\default\_masters\page.master.php] (70)"
::1 [2020-02-18 01:44:30] ERROR "[8] Undefined index: page_id [C:\Xampp1\xampp\htdocs\Cigna\app\themes\default\_masters\page.master.php] (39)"
::1 [2020-02-18 01:44:30] ERROR "[8] Undefined index: page_id [C:\Xampp1\xampp\htdocs\Cigna\app\themes\default\_masters\page.master.php] (70)"
::1 [2020-02-18 02:16:08] ERROR "[8] Trying to get property of non-object [C:\Xampp1\xampp\htdocs\Cigna\app\themes\default\_masters\page.master.php] (39)"
::1 [2020-02-18 02:16:08] ERROR "[8] Trying to get property of non-object [C:\Xampp1\xampp\htdocs\Cigna\app\themes\default\_masters\page.master.php] (70)"
::1 [2020-02-18 02:16:14] ERROR "[8] Undefined index: page_id [C:\Xampp1\xampp\htdocs\Cigna\app\themes\default\_masters\page.master.php] (39)"
::1 [2020-02-18 02:16:14] ERROR "[8] Undefined index: page_id [C:\Xampp1\xampp\htdocs\Cigna\app\themes\default\_masters\page.master.php] (70)"
::1 [2020-02-18 02:16:16] ERROR "[8] Undefined property: Story\View::$main_page_content [C:\Xampp1\xampp\htdocs\Cigna\app\themes\default\_masters\page.master.php] (39)"
::1 [2020-02-18 02:16:16] ERROR "[8] Trying to get property of non-object [C:\Xampp1\xampp\htdocs\Cigna\app\themes\default\_masters\page.master.php] (39)"
::1 [2020-02-18 02:16:16] ERROR "[8] Undefined property: Story\View::$main_page_content [C:\Xampp1\xampp\htdocs\Cigna\app\themes\default\_masters\page.master.php] (70)"
::1 [2020-02-18 02:16:16] ERROR "[8] Trying to get property of non-object [C:\Xampp1\xampp\htdocs\Cigna\app\themes\default\_masters\page.master.php] (70)"
::1 [2020-02-18 02:16:16] ERROR "[8] Undefined property: Story\View::$main_page_content [C:\Xampp1\xampp\htdocs\Cigna\app\themes\default\_masters\page.master.php] (39)"
::1 [2020-02-18 02:16:16] ERROR "[8] Trying to get property of non-object [C:\Xampp1\xampp\htdocs\Cigna\app\themes\default\_masters\page.master.php] (39)"
::1 [2020-02-18 02:16:16] ERROR "[8] Undefined property: Story\View::$main_page_content [C:\Xampp1\xampp\htdocs\Cigna\app\themes\default\_masters\page.master.php] (70)"
::1 [2020-02-18 02:16:16] ERROR "[8] Trying to get property of non-object [C:\Xampp1\xampp\htdocs\Cigna\app\themes\default\_masters\page.master.php] (70)"
::1 [2020-02-18 02:18:56] ERROR "[8] Undefined index: image_file [C:\Xampp1\xampp\htdocs\Cigna\app\Project\Models\Podcasts.php] (245)"
::1 [2020-02-18 02:18:56] ERROR "[8] Undefined index: audio_file [C:\Xampp1\xampp\htdocs\Cigna\app\Project\Models\Podcasts.php] (246)"
::1 [2020-02-18 02:18:56] ERROR "SQLSTATE[23000]: Integrity constraint violation: 1048 Column 'profile_img_path' cannot be null [C:\Xampp1\xampp\htdocs\Cigna\app\vendor\wingsline\storyframework\src\Story\DB.php] (167)"
::1 [2020-02-18 02:19:13] ERROR "[8] Undefined index: image_file [C:\Xampp1\xampp\htdocs\Cigna\app\Project\Models\Podcasts.php] (245)"
::1 [2020-02-18 02:19:13] ERROR "[8] Undefined index: audio_file [C:\Xampp1\xampp\htdocs\Cigna\app\Project\Models\Podcasts.php] (246)"
::1 [2020-02-18 02:19:16] ERROR "[8] Undefined index: image_file [C:\Xampp1\xampp\htdocs\Cigna\app\Project\Models\Podcasts.php] (245)"
::1 [2020-02-18 02:19:16] ERROR "[8] Undefined index: audio_file [C:\Xampp1\xampp\htdocs\Cigna\app\Project\Models\Podcasts.php] (246)"
::1 [2020-02-18 03:06:15] ERROR "[2] array_key_exists(): The first argument should be either a string or an integer [C:\Xampp1\xampp\htdocs\Cigna\app\vendor\wingsline\storyframework\src\Story\Form.php] (560)"
::1 [2020-02-18 03:06:15] ERROR "[2] htmlspecialchars() expects parameter 1 to be string, array given [C:\Xampp1\xampp\htdocs\Cigna\app\vendor\wingsline\storyframework\src\Story\helpers.php] (350)"
::1 [2020-02-18 03:19:54] ERROR "[8] Undefined variable: newAudio_file [C:\Xampp1\xampp\htdocs\Cigna\app\Project\Models\Podcasts.php] (410)"
::1 [2020-02-18 03:19:54] ERROR "[4096] Object of class Project\Models\Podcasts could not be converted to string [C:\Xampp1\xampp\htdocs\Cigna\app\vendor\wingsline\storyframework\src\Story\DB.php] (167)"
::1 [2020-02-18 03:19:54] ERROR "[8] Object of class Project\Models\Podcasts to string conversion [C:\Xampp1\xampp\htdocs\Cigna\app\vendor\wingsline\storyframework\src\Story\DB.php] (167)"
::1 [2020-02-18 03:19:54] ERROR "SQLSTATE[42S22]: Column not found: 1054 Unknown column 'snippet' in 'field list' [C:\Xampp1\xampp\htdocs\Cigna\app\vendor\wingsline\storyframework\src\Story\DB.php] (167)"
::1 [2020-02-18 03:20:39] ERROR "[4096] Object of class Project\Models\Podcasts could not be converted to string [C:\Xampp1\xampp\htdocs\Cigna\app\vendor\wingsline\storyframework\src\Story\DB.php] (167)"
::1 [2020-02-18 03:20:39] ERROR "[8] Object of class Project\Models\Podcasts to string conversion [C:\Xampp1\xampp\htdocs\Cigna\app\vendor\wingsline\storyframework\src\Story\DB.php] (167)"
::1 [2020-02-18 03:20:39] ERROR "SQLSTATE[42S22]: Column not found: 1054 Unknown column 'snippet' in 'field list' [C:\Xampp1\xampp\htdocs\Cigna\app\vendor\wingsline\storyframework\src\Story\DB.php] (167)"
::1 [2020-02-18 03:21:33] ERROR "[4096] Object of class Project\Models\Podcasts could not be converted to string [C:\Xampp1\xampp\htdocs\Cigna\app\vendor\wingsline\storyframework\src\Story\DB.php] (167)"
::1 [2020-02-18 03:21:33] ERROR "[8] Object of class Project\Models\Podcasts to string conversion [C:\Xampp1\xampp\htdocs\Cigna\app\vendor\wingsline\storyframework\src\Story\DB.php] (167)"
::1 [2020-02-18 03:21:33] ERROR "SQLSTATE[42S22]: Column not found: 1054 Unknown column 'snippet' in 'field list' [C:\Xampp1\xampp\htdocs\Cigna\app\vendor\wingsline\storyframework\src\Story\DB.php] (167)"
::1 [2020-02-18 03:21:45] ERROR "[4096] Object of class Project\Models\Podcasts could not be converted to string [C:\Xampp1\xampp\htdocs\Cigna\app\vendor\wingsline\storyframework\src\Story\DB.php] (167)"
::1 [2020-02-18 03:21:45] ERROR "[8] Object of class Project\Models\Podcasts to string conversion [C:\Xampp1\xampp\htdocs\Cigna\app\vendor\wingsline\storyframework\src\Story\DB.php] (167)"
::1 [2020-02-18 03:21:45] ERROR "SQLSTATE[42S22]: Column not found: 1054 Unknown column 'snippet' in 'field list' [C:\Xampp1\xampp\htdocs\Cigna\app\vendor\wingsline\storyframework\src\Story\DB.php] (167)"
::1 [2020-02-18 03:22:55] ERROR "[4096] Object of class Project\Models\Podcasts could not be converted to string [C:\Xampp1\xampp\htdocs\Cigna\app\vendor\wingsline\storyframework\src\Story\DB.php] (167)"
::1 [2020-02-18 03:22:55] ERROR "[8] Object of class Project\Models\Podcasts to string conversion [C:\Xampp1\xampp\htdocs\Cigna\app\vendor\wingsline\storyframework\src\Story\DB.php] (167)"
::1 [2020-02-18 03:22:55] ERROR "SQLSTATE[42S22]: Column not found: 1054 Unknown column 'snippet' in 'field list' [C:\Xampp1\xampp\htdocs\Cigna\app\vendor\wingsline\storyframework\src\Story\DB.php] (167)"
::1 [2020-02-18 03:24:54] ERROR "[4096] Object of class Project\Models\Podcasts could not be converted to string [C:\Xampp1\xampp\htdocs\Cigna\app\vendor\wingsline\storyframework\src\Story\DB.php] (167)"
::1 [2020-02-18 03:24:54] ERROR "[8] Object of class Project\Models\Podcasts to string conversion [C:\Xampp1\xampp\htdocs\Cigna\app\vendor\wingsline\storyframework\src\Story\DB.php] (167)"
::1 [2020-02-18 03:24:54] ERROR "SQLSTATE[42S22]: Column not found: 1054 Unknown column 'snippet' in 'field list' [C:\Xampp1\xampp\htdocs\Cigna\app\vendor\wingsline\storyframework\src\Story\DB.php] (167)"
::1 [2020-02-18 03:25:58] ERROR "[4096] Object of class Project\Models\Podcasts could not be converted to string [C:\Xampp1\xampp\htdocs\Cigna\app\vendor\wingsline\storyframework\src\Story\DB.php] (167)"
::1 [2020-02-18 03:25:58] ERROR "[8] Object of class Project\Models\Podcasts to string conversion [C:\Xampp1\xampp\htdocs\Cigna\app\vendor\wingsline\storyframework\src\Story\DB.php] (167)"
::1 [2020-02-18 03:25:58] ERROR "SQLSTATE[42S22]: Column not found: 1054 Unknown column 'snippet' in 'field list' [C:\Xampp1\xampp\htdocs\Cigna\app\vendor\wingsline\storyframework\src\Story\DB.php] (167)"
::1 [2020-02-18 03:26:49] ERROR "[4096] Object of class Project\Models\Podcasts could not be converted to string [C:\Xampp1\xampp\htdocs\Cigna\app\vendor\wingsline\storyframework\src\Story\DB.php] (167)"
::1 [2020-02-18 03:26:49] ERROR "[8] Object of class Project\Models\Podcasts to string conversion [C:\Xampp1\xampp\htdocs\Cigna\app\vendor\wingsline\storyframework\src\Story\DB.php] (167)"
::1 [2020-02-18 03:26:49] ERROR "SQLSTATE[42S22]: Column not found: 1054 Unknown column 'snippet' in 'field list' [C:\Xampp1\xampp\htdocs\Cigna\app\vendor\wingsline\storyframework\src\Story\DB.php] (167)"
::1 [2020-02-18 03:29:18] ERROR "[2] Missing argument 2 for Project\Models\Podcasts::updateFromForm(), called in C:\Xampp1\xampp\htdocs\Cigna\app\Project\Controllers\Admin\Pages\Podcast.php on line 186 and defined [C:\Xampp1\xampp\htdocs\Cigna\app\Project\Models\Podcasts.php] (364)"
::1 [2020-02-18 03:29:18] ERROR "[4096] Object of class Project\Models\Podcasts could not be converted to string [C:\Xampp1\xampp\htdocs\Cigna\app\vendor\wingsline\storyframework\src\Story\DB.php] (167)"
::1 [2020-02-18 03:29:18] ERROR "[8] Object of class Project\Models\Podcasts to string conversion [C:\Xampp1\xampp\htdocs\Cigna\app\vendor\wingsline\storyframework\src\Story\DB.php] (167)"
::1 [2020-02-18 03:29:18] ERROR "SQLSTATE[42S22]: Column not found: 1054 Unknown column 'snippet' in 'field list' [C:\Xampp1\xampp\htdocs\Cigna\app\vendor\wingsline\storyframework\src\Story\DB.php] (167)"
::1 [2020-02-18 03:32:47] ERROR "[2] Missing argument 2 for Project\Models\Podcasts::updateFromForm(), called in C:\Xampp1\xampp\htdocs\Cigna\app\Project\Controllers\Admin\Pages\Podcast.php on line 186 and defined [C:\Xampp1\xampp\htdocs\Cigna\app\Project\Models\Podcasts.php] (364)"
::1 [2020-02-18 03:32:47] ERROR "[4096] Object of class Project\Models\Podcasts could not be converted to string [C:\Xampp1\xampp\htdocs\Cigna\app\vendor\wingsline\storyframework\src\Story\DB.php] (167)"
::1 [2020-02-18 03:32:47] ERROR "[8] Object of class Project\Models\Podcasts to string conversion [C:\Xampp1\xampp\htdocs\Cigna\app\vendor\wingsline\storyframework\src\Story\DB.php] (167)"
::1 [2020-02-18 03:32:47] ERROR "[2] Cannot modify header information - headers already sent by (output started at C:\Xampp1\xampp\htdocs\Cigna\app\vendor\wingsline\storyframework\src\Story\Error.php:145) [C:\Xampp1\xampp\htdocs\Cigna\app\vendor\wingsline\storyframework\src\Story\helpers.php] (432)"
::1 [2020-02-18 03:33:24] ERROR "[4096] Object of class Project\Models\Podcasts could not be converted to string [C:\Xampp1\xampp\htdocs\Cigna\app\vendor\wingsline\storyframework\src\Story\DB.php] (167)"
::1 [2020-02-18 03:33:24] ERROR "[8] Object of class Project\Models\Podcasts to string conversion [C:\Xampp1\xampp\htdocs\Cigna\app\vendor\wingsline\storyframework\src\Story\DB.php] (167)"
::1 [2020-02-18 03:33:24] ERROR "[2] Cannot modify header information - headers already sent by (output started at C:\Xampp1\xampp\htdocs\Cigna\app\vendor\wingsline\storyframework\src\Story\Error.php:145) [C:\Xampp1\xampp\htdocs\Cigna\app\vendor\wingsline\storyframework\src\Story\helpers.php] (432)"
::1 [2020-02-18 03:35:05] ERROR "Cannot use object of type Project\Models\Podcasts as array [C:\Xampp1\xampp\htdocs\Cigna\app\Project\Models\Podcasts.php] (375)"
::1 [2020-02-18 03:36:13] ERROR "[4096] Object of class Project\Models\Podcasts could not be converted to string [C:\Xampp1\xampp\htdocs\Cigna\app\vendor\wingsline\storyframework\src\Story\DB.php] (167)"
::1 [2020-02-18 03:36:13] ERROR "[8] Object of class Project\Models\Podcasts to string conversion [C:\Xampp1\xampp\htdocs\Cigna\app\vendor\wingsline\storyframework\src\Story\DB.php] (167)"
::1 [2020-02-18 03:36:13] ERROR "[2] Cannot modify header information - headers already sent by (output started at C:\Xampp1\xampp\htdocs\Cigna\app\vendor\wingsline\storyframework\src\Story\Error.php:145) [C:\Xampp1\xampp\htdocs\Cigna\app\vendor\wingsline\storyframework\src\Story\helpers.php] (432)"
::1 [2020-02-18 03:37:38] ERROR "[8] Undefined index: profile_img_path [C:\Xampp1\xampp\htdocs\Cigna\app\Project\Models\Podcasts.php] (378)"
::1 [2020-02-18 03:37:52] ERROR "[8] Trying to get property of non-object [C:\Xampp1\xampp\htdocs\Cigna\app\Project\Models\Podcasts.php] (378)"
::1 [2020-02-18 03:40:10] ERROR "[4096] Object of class Project\Models\Podcasts could not be converted to string [C:\Xampp1\xampp\htdocs\Cigna\app\vendor\wingsline\storyframework\src\Story\DB.php] (167)"
::1 [2020-02-18 03:40:10] ERROR "[8] Object of class Project\Models\Podcasts to string conversion [C:\Xampp1\xampp\htdocs\Cigna\app\vendor\wingsline\storyframework\src\Story\DB.php] (167)"
::1 [2020-02-18 03:40:10] ERROR "[2] Cannot modify header information - headers already sent by (output started at C:\Xampp1\xampp\htdocs\Cigna\app\vendor\wingsline\storyframework\src\Story\Error.php:145) [C:\Xampp1\xampp\htdocs\Cigna\app\vendor\wingsline\storyframework\src\Story\helpers.php] (432)"
::1 [2020-02-18 03:40:25] ERROR "[4096] Object of class Project\Models\Podcasts could not be converted to string [C:\Xampp1\xampp\htdocs\Cigna\app\vendor\wingsline\storyframework\src\Story\DB.php] (167)"
::1 [2020-02-18 03:40:25] ERROR "[8] Object of class Project\Models\Podcasts to string conversion [C:\Xampp1\xampp\htdocs\Cigna\app\vendor\wingsline\storyframework\src\Story\DB.php] (167)"
::1 [2020-02-18 03:40:25] ERROR "[2] Cannot modify header information - headers already sent by (output started at C:\Xampp1\xampp\htdocs\Cigna\app\vendor\wingsline\storyframework\src\Story\Error.php:145) [C:\Xampp1\xampp\htdocs\Cigna\app\vendor\wingsline\storyframework\src\Story\helpers.php] (432)"
::1 [2020-02-18 03:42:02] ERROR "[8] Undefined variable: newImage_file [C:\Xampp1\xampp\htdocs\Cigna\app\Project\Models\Podcasts.php] (417)"
::1 [2020-02-18 03:42:02] ERROR "[8] Undefined variable: newAudio_file [C:\Xampp1\xampp\htdocs\Cigna\app\Project\Models\Podcasts.php] (418)"
::1 [2020-02-18 03:42:02] ERROR "[4096] Object of class Project\Models\Podcasts could not be converted to string [C:\Xampp1\xampp\htdocs\Cigna\app\vendor\wingsline\storyframework\src\Story\DB.php] (167)"
::1 [2020-02-18 03:42:02] ERROR "[8] Object of class Project\Models\Podcasts to string conversion [C:\Xampp1\xampp\htdocs\Cigna\app\vendor\wingsline\storyframework\src\Story\DB.php] (167)"
::1 [2020-02-18 03:42:02] ERROR "[2] Cannot modify header information - headers already sent by (output started at C:\Xampp1\xampp\htdocs\Cigna\app\vendor\wingsline\storyframework\src\Story\Error.php:145) [C:\Xampp1\xampp\htdocs\Cigna\app\vendor\wingsline\storyframework\src\Story\helpers.php] (432)"
::1 [2020-02-18 03:42:43] ERROR "[4096] Object of class Project\Models\Podcasts could not be converted to string [C:\Xampp1\xampp\htdocs\Cigna\app\vendor\wingsline\storyframework\src\Story\DB.php] (167)"
::1 [2020-02-18 03:42:43] ERROR "[8] Object of class Project\Models\Podcasts to string conversion [C:\Xampp1\xampp\htdocs\Cigna\app\vendor\wingsline\storyframework\src\Story\DB.php] (167)"
::1 [2020-02-18 03:42:43] ERROR "[2] Cannot modify header information - headers already sent by (output started at C:\Xampp1\xampp\htdocs\Cigna\app\vendor\wingsline\storyframework\src\Story\Error.php:145) [C:\Xampp1\xampp\htdocs\Cigna\app\vendor\wingsline\storyframework\src\Story\helpers.php] (432)"
::1 [2020-02-18 03:45:30] ERROR "[4096] Argument 2 passed to Project\Models\Podcasts::updateFromForm() must be of the type array, object given, called in C:\Xampp1\xampp\htdocs\Cigna\app\Project\Controllers\Admin\Pages\Podcast.php on line 186 and defined [C:\Xampp1\xampp\htdocs\Cigna\app\Project\Models\Podcasts.php] (364)"
::1 [2020-02-18 03:46:33] ERROR "Cannot use object of type Project\Models\Podcasts as array [C:\Xampp1\xampp\htdocs\Cigna\app\Project\Models\Podcasts.php] (376)"
::1 [2020-02-18 03:48:40] ERROR "Cannot use object of type Project\Models\Podcasts as array [C:\Xampp1\xampp\htdocs\Cigna\app\Project\Models\Podcasts.php] (376)"
::1 [2020-02-18 03:49:09] ERROR "[8] Trying to get property of non-object [C:\Xampp1\xampp\htdocs\Cigna\app\Project\Models\Podcasts.php] (376)"
::1 [2020-02-18 03:52:29] ERROR "[8] Trying to get property of non-object [C:\Xampp1\xampp\htdocs\Cigna\app\Project\Models\Podcasts.php] (378)"
::1 [2020-02-18 03:52:38] ERROR "[8] Trying to get property of non-object [C:\Xampp1\xampp\htdocs\Cigna\app\Project\Models\Podcasts.php] (378)"
::1 [2020-02-18 03:53:10] ERROR "[8] Undefined index: profile_img_path [C:\Xampp1\xampp\htdocs\Cigna\app\Project\Models\Podcasts.php] (378)"
::1 [2020-02-18 03:53:22] ERROR "[8] Undefined index: attribute [C:\Xampp1\xampp\htdocs\Cigna\app\Project\Models\Podcasts.php] (378)"
::1 [2020-02-18 03:57:57] ERROR "[8] Undefined index: image_file [C:\Xampp1\xampp\htdocs\Cigna\app\Project\Models\Podcasts.php] (376)"
::1 [2020-02-18 03:57:57] ERROR "[8] Undefined index: image_file [C:\Xampp1\xampp\htdocs\Cigna\app\Project\Models\Podcasts.php] (383)"
::1 [2020-02-18 03:57:57] ERROR "[2] unlink(C:\Xampp1\xampp\htdocs\Cigna\app\storage\files\podcast\img\): Permission denied [C:\Xampp1\xampp\htdocs\Cigna\app\Project\Models\Podcasts.php] (384)"
::1 [2020-02-18 03:57:57] ERROR "[8] Undefined index: audio_file [C:\Xampp1\xampp\htdocs\Cigna\app\Project\Models\Podcasts.php] (394)"
::1 [2020-02-18 03:57:57] ERROR "[8] Undefined index: audio_file [C:\Xampp1\xampp\htdocs\Cigna\app\Project\Models\Podcasts.php] (401)"
::1 [2020-02-18 03:57:57] ERROR "[2] unlink(C:\Xampp1\xampp\htdocs\Cigna\app\storage\files\podcast\audio\): Permission denied [C:\Xampp1\xampp\htdocs\Cigna\app\Project\Models\Podcasts.php] (402)"
::1 [2020-02-18 03:57:57] ERROR "[2] Cannot modify header information - headers already sent by (output started at C:\Xampp1\xampp\htdocs\Cigna\app\vendor\wingsline\storyframework\src\Story\Error.php:145) [C:\Xampp1\xampp\htdocs\Cigna\app\vendor\wingsline\storyframework\src\Story\helpers.php] (432)"
::1 [2020-02-18 03:58:32] ERROR "[8] Undefined index: image_file [C:\Xampp1\xampp\htdocs\Cigna\app\Project\Models\Podcasts.php] (375)"
::1 [2020-02-18 03:58:32] ERROR "[8] Undefined index: audio_file [C:\Xampp1\xampp\htdocs\Cigna\app\Project\Models\Podcasts.php] (393)"
::1 [2020-02-18 03:58:32] ERROR "[2] Cannot modify header information - headers already sent by (output started at C:\Xampp1\xampp\htdocs\Cigna\app\vendor\wingsline\storyframework\src\Story\Error.php:145) [C:\Xampp1\xampp\htdocs\Cigna\app\vendor\wingsline\storyframework\src\Story\helpers.php] (432)"
::1 [2020-02-18 03:59:15] ERROR "[8] Undefined index: image_file [C:\Xampp1\xampp\htdocs\Cigna\app\Project\Models\Podcasts.php] (376)"
::1 [2020-02-18 03:59:15] ERROR "[8] Undefined index: audio_file [C:\Xampp1\xampp\htdocs\Cigna\app\Project\Models\Podcasts.php] (394)"
::1 [2020-02-18 03:59:15] ERROR "[2] Cannot modify header information - headers already sent by (output started at C:\Xampp1\xampp\htdocs\Cigna\app\vendor\wingsline\storyframework\src\Story\Error.php:145) [C:\Xampp1\xampp\htdocs\Cigna\app\vendor\wingsline\storyframework\src\Story\helpers.php] (432)"
::1 [2020-02-18 04:01:54] ERROR "[8] Undefined index: image_file [C:\Xampp1\xampp\htdocs\Cigna\app\Project\Models\Podcasts.php] (376)"
::1 [2020-02-18 04:01:54] ERROR "[8] Undefined index: audio_file [C:\Xampp1\xampp\htdocs\Cigna\app\Project\Models\Podcasts.php] (394)"
::1 [2020-02-18 04:01:54] ERROR "[2] Cannot modify header information - headers already sent by (output started at C:\Xampp1\xampp\htdocs\Cigna\app\vendor\wingsline\storyframework\src\Story\Error.php:145) [C:\Xampp1\xampp\htdocs\Cigna\app\vendor\wingsline\storyframework\src\Story\helpers.php] (432)"
::1 [2020-02-18 04:18:10] ERROR "[8] Undefined index: image_file [C:\Xampp1\xampp\htdocs\Cigna\app\Project\Models\Podcasts.php] (376)"
::1 [2020-02-18 04:18:10] ERROR "[8] Undefined index: audio_file [C:\Xampp1\xampp\htdocs\Cigna\app\Project\Models\Podcasts.php] (394)"
::1 [2020-02-18 04:18:10] ERROR "[2] Cannot modify header information - headers already sent by (output started at C:\Xampp1\xampp\htdocs\Cigna\app\vendor\wingsline\storyframework\src\Story\Error.php:145) [C:\Xampp1\xampp\htdocs\Cigna\app\vendor\wingsline\storyframework\src\Story\helpers.php] (432)"
::1 [2020-02-18 04:19:37] ERROR "[8] Undefined index: image_file [C:\Xampp1\xampp\htdocs\Cigna\app\Project\Models\Podcasts.php] (376)"
::1 [2020-02-18 04:19:37] ERROR "[8] Undefined index: audio_file [C:\Xampp1\xampp\htdocs\Cigna\app\Project\Models\Podcasts.php] (394)"
::1 [2020-02-18 04:19:37] ERROR "[2] Cannot modify header information - headers already sent by (output started at C:\Xampp1\xampp\htdocs\Cigna\app\vendor\wingsline\storyframework\src\Story\Error.php:145) [C:\Xampp1\xampp\htdocs\Cigna\app\vendor\wingsline\storyframework\src\Story\helpers.php] (432)"
::1 [2020-02-18 05:26:03] ERROR "[2] unlink(storage/files/podcast/5415c7fe534a63366b48d388f204c328.jpg): No such file or directory [C:\Xampp1\xampp\htdocs\Cigna\app\Project\Controllers\Admin\Pages\Podcast.php] (230)"
::1 [2020-02-18 05:26:03] ERROR "[2] unlink(storage/files/podcast/6662328d5e60269d4cf377f32fb58ded.mp3): No such file or directory [C:\Xampp1\xampp\htdocs\Cigna\app\Project\Controllers\Admin\Pages\Podcast.php] (231)"
::1 [2020-02-18 05:26:03] ERROR "[2] Cannot modify header information - headers already sent by (output started at C:\Xampp1\xampp\htdocs\Cigna\app\vendor\wingsline\storyframework\src\Story\Error.php:145) [C:\Xampp1\xampp\htdocs\Cigna\app\vendor\wingsline\storyframework\src\Story\helpers.php] (432)"
::1 [2020-02-18 05:26:50] ERROR "[2] move_uploaded_file(storage/files/podcast/5415c7fe534a63366b48d388f204c328.jpg): failed to open stream: No such file or directory [C:\Xampp1\xampp\htdocs\Cigna\app\Project\Models\Podcasts.php] (246)"
::1 [2020-02-18 05:26:50] ERROR "[2] move_uploaded_file(): Unable to move 'C:\Xampp1\xampp\tmp\php62C0.tmp' to 'storage/files/podcast/5415c7fe534a63366b48d388f204c328.jpg' [C:\Xampp1\xampp\htdocs\Cigna\app\Project\Models\Podcasts.php] (246)"
::1 [2020-02-18 05:26:50] ERROR "[2] move_uploaded_file(storage/files/podcast/6662328d5e60269d4cf377f32fb58ded.mp3): failed to open stream: No such file or directory [C:\Xampp1\xampp\htdocs\Cigna\app\Project\Models\Podcasts.php] (255)"
::1 [2020-02-18 05:26:50] ERROR "[2] move_uploaded_file(): Unable to move 'C:\Xampp1\xampp\tmp\php62D1.tmp' to 'storage/files/podcast/6662328d5e60269d4cf377f32fb58ded.mp3' [C:\Xampp1\xampp\htdocs\Cigna\app\Project\Models\Podcasts.php] (255)"
::1 [2020-02-18 05:26:50] ERROR "[2] Cannot modify header information - headers already sent by (output started at C:\Xampp1\xampp\htdocs\Cigna\app\vendor\wingsline\storyframework\src\Story\Error.php:145) [C:\Xampp1\xampp\htdocs\Cigna\app\vendor\wingsline\storyframework\src\Story\helpers.php] (432)"
::1 [2020-02-18 05:28:26] ERROR "[2] move_uploaded_file(C:\Xampp1\xampp\htdocs\Cigna\app\Project\Modelsstorage/files/podcast/6662328d5e60269d4cf377f32fb58ded.mp3): failed to open stream: No such file or directory [C:\Xampp1\xampp\htdocs\Cigna\app\Project\Models\Podcasts.php] (246)"
::1 [2020-02-18 05:28:26] ERROR "[2] move_uploaded_file(): Unable to move 'C:\Xampp1\xampp\tmp\phpD705.tmp' to 'C:\Xampp1\xampp\htdocs\Cigna\app\Project\Modelsstorage/files/podcast/6662328d5e60269d4cf377f32fb58ded.mp3' [C:\Xampp1\xampp\htdocs\Cigna\app\Project\Models\Podcasts.php] (246)"
::1 [2020-02-18 05:28:26] ERROR "[2] Cannot modify header information - headers already sent by (output started at C:\Xampp1\xampp\htdocs\Cigna\app\vendor\wingsline\storyframework\src\Story\Error.php:145) [C:\Xampp1\xampp\htdocs\Cigna\app\vendor\wingsline\storyframework\src\Story\helpers.php] (432)"
::1 [2020-02-18 05:34:43] ERROR "Function name must be a string [C:\Xampp1\xampp\htdocs\Cigna\app\Project\Models\Podcasts.php] (230)"
::1 [2020-02-18 05:49:35] ERROR "[2] unlink(C:\Xampp1\xampp\htdocs\Cigna\app/storage/files/podcast/d41d8cd98f00b204e9800998ecf8427e): No such file or directory [C:\Xampp1\xampp\htdocs\Cigna\app\Project\Controllers\Admin\Pages\Podcast.php] (230)"
::1 [2020-02-18 05:49:35] ERROR "[2] unlink(C:\Xampp1\xampp\htdocs\Cigna\app/storage/files/podcast/d41d8cd98f00b204e9800998ecf8427e): No such file or directory [C:\Xampp1\xampp\htdocs\Cigna\app\Project\Controllers\Admin\Pages\Podcast.php] (231)"
::1 [2020-02-18 05:49:35] ERROR "[2] Cannot modify header information - headers already sent by (output started at C:\Xampp1\xampp\htdocs\Cigna\app\vendor\wingsline\storyframework\src\Story\Error.php:145) [C:\Xampp1\xampp\htdocs\Cigna\app\vendor\wingsline\storyframework\src\Story\helpers.php] (432)"
::1 [2020-02-18 05:56:26] ERROR "[2] unlink(C:\Xampp1\xampp\htdocs\Cigna\app/storage/files/podcast/6662328d5e60269d4cf377f32fb58ded.mp3): No such file or directory [C:\Xampp1\xampp\htdocs\Cigna\app\Project\Controllers\Admin\Pages\Podcast.php] (230)"
::1 [2020-02-18 05:56:26] ERROR "[2] unlink(C:\Xampp1\xampp\htdocs\Cigna\app/storage/files/podcast/d41d8cd98f00b204e9800998ecf8427e): No such file or directory [C:\Xampp1\xampp\htdocs\Cigna\app\Project\Controllers\Admin\Pages\Podcast.php] (231)"
::1 [2020-02-18 05:56:31] ERROR "[2] unlink(C:\Xampp1\xampp\htdocs\Cigna\app/storage/files/podcast/5415c7fe534a63366b48d388f204c328.jpg): No such file or directory [C:\Xampp1\xampp\htdocs\Cigna\app\Project\Controllers\Admin\Pages\Podcast.php] (230)"
::1 [2020-02-18 05:56:31] ERROR "[2] unlink(C:\Xampp1\xampp\htdocs\Cigna\app/storage/files/podcast/6662328d5e60269d4cf377f32fb58ded.mp3): No such file or directory [C:\Xampp1\xampp\htdocs\Cigna\app\Project\Controllers\Admin\Pages\Podcast.php] (231)"
::1 [2020-02-18 05:56:40] ERROR "[2] unlink(C:\Xampp1\xampp\htdocs\Cigna\app/storage/files/podcast/d41d8cd98f00b204e9800998ecf8427e): No such file or directory [C:\Xampp1\xampp\htdocs\Cigna\app\Project\Controllers\Admin\Pages\Podcast.php] (230)"
::1 [2020-02-18 05:56:40] ERROR "[2] unlink(C:\Xampp1\xampp\htdocs\Cigna\app/storage/files/podcast/d41d8cd98f00b204e9800998ecf8427e): No such file or directory [C:\Xampp1\xampp\htdocs\Cigna\app\Project\Controllers\Admin\Pages\Podcast.php] (231)"
::1 [2020-02-18 06:15:45] ERROR "[2] unlink(C:\Xampp1\xampp\htdocs\Cigna\app/storage/files/podcast/6662328d5e60269d4cf377f32fb58ded.mp3): No such file or directory [C:\Xampp1\xampp\htdocs\Cigna\app\Project\Models\Podcasts.php] (405)"
::1 [2020-02-18 06:16:44] ERROR "Call to undefined function Project\Models\rim() [C:\Xampp1\xampp\htdocs\Cigna\app\Project\Models\Podcasts.php] (254)"
::1 [2020-02-18 06:26:12] ERROR "[2] unlink(C:\Xampp1\xampp\htdocs\Cigna\app/storage/files/podcast/Hydrangeasjpga49fe8914df0eada4d4b7d530d7fa5ba.jpg): No such file or directory [C:\Xampp1\xampp\htdocs\Cigna\app\Project\Controllers\Admin\Pages\Podcast.php] (230)"
::1 [2020-02-18 06:26:12] ERROR "[2] unlink(C:\Xampp1\xampp\htdocs\Cigna\app/storage/files/podcast/Hydrangeasjpga49fe8914df0eada4d4b7d530d7fa5ba.jpg): No such file or directory [C:\Xampp1\xampp\htdocs\Cigna\app\Project\Controllers\Admin\Pages\Podcast.php] (231)"
::1 [2020-02-18 06:26:17] ERROR "[2] unlink(C:\Xampp1\xampp\htdocs\Cigna\app/storage/files/podcast/Hydrangeasjpga49fe8914df0eada4d4b7d530d7fa5ba.jpg): No such file or directory [C:\Xampp1\xampp\htdocs\Cigna\app\Project\Controllers\Admin\Pages\Podcast.php] (230)"
::1 [2020-02-18 06:26:17] ERROR "[2] unlink(C:\Xampp1\xampp\htdocs\Cigna\app/storage/files/podcast/AshboryBYUmp37dee771aebc8a173884ea8d9586d88a4.mp3): No such file or directory [C:\Xampp1\xampp\htdocs\Cigna\app\Project\Controllers\Admin\Pages\Podcast.php] (231)"
::1 [2020-02-18 06:26:56] ERROR "[8] Undefined property: Story\View::$main_page_content [C:\Xampp1\xampp\htdocs\Cigna\app\themes\default\_masters\page.master.php] (39)"
::1 [2020-02-18 06:26:56] ERROR "[8] Trying to get property of non-object [C:\Xampp1\xampp\htdocs\Cigna\app\themes\default\_masters\page.master.php] (39)"
::1 [2020-02-18 06:26:56] ERROR "[8] Undefined property: Story\View::$main_page_content [C:\Xampp1\xampp\htdocs\Cigna\app\themes\default\_masters\page.master.php] (70)"
::1 [2020-02-18 06:26:56] ERROR "[8] Trying to get property of non-object [C:\Xampp1\xampp\htdocs\Cigna\app\themes\default\_masters\page.master.php] (70)"
::1 [2020-02-18 06:27:05] ERROR "[8] Undefined index: page_id [C:\Xampp1\xampp\htdocs\Cigna\app\themes\default\_masters\page.master.php] (39)"
::1 [2020-02-18 06:27:05] ERROR "[8] Undefined index: page_id [C:\Xampp1\xampp\htdocs\Cigna\app\themes\default\_masters\page.master.php] (70)"
::1 [2020-02-18 06:27:05] ERROR "[8] Undefined property: Story\View::$main_page_content [C:\Xampp1\xampp\htdocs\Cigna\app\themes\default\_masters\page.master.php] (39)"
::1 [2020-02-18 06:27:05] ERROR "[8] Trying to get property of non-object [C:\Xampp1\xampp\htdocs\Cigna\app\themes\default\_masters\page.master.php] (39)"
::1 [2020-02-18 06:27:05] ERROR "[8] Undefined property: Story\View::$main_page_content [C:\Xampp1\xampp\htdocs\Cigna\app\themes\default\_masters\page.master.php] (70)"
::1 [2020-02-18 06:27:05] ERROR "[8] Trying to get property of non-object [C:\Xampp1\xampp\htdocs\Cigna\app\themes\default\_masters\page.master.php] (70)"
::1 [2020-02-18 06:27:36] ERROR "[8] Undefined property: Story\View::$main_page_content [C:\Xampp1\xampp\htdocs\Cigna\app\themes\default\_masters\page.master.php] (39)"
::1 [2020-02-18 06:27:36] ERROR "[8] Trying to get property of non-object [C:\Xampp1\xampp\htdocs\Cigna\app\themes\default\_masters\page.master.php] (39)"
::1 [2020-02-18 06:27:36] ERROR "[8] Undefined property: Story\View::$main_page_content [C:\Xampp1\xampp\htdocs\Cigna\app\themes\default\_masters\page.master.php] (70)"
::1 [2020-02-18 06:27:36] ERROR "[8] Trying to get property of non-object [C:\Xampp1\xampp\htdocs\Cigna\app\themes\default\_masters\page.master.php] (70)"
::1 [2020-02-18 06:27:53] ERROR "[8] Undefined property: Story\View::$main_page_content [C:\Xampp1\xampp\htdocs\Cigna\app\themes\default\_masters\page.master.php] (39)"
::1 [2020-02-18 06:27:53] ERROR "[8] Trying to get property of non-object [C:\Xampp1\xampp\htdocs\Cigna\app\themes\default\_masters\page.master.php] (39)"
::1 [2020-02-18 06:27:53] ERROR "[8] Undefined property: Story\View::$main_page_content [C:\Xampp1\xampp\htdocs\Cigna\app\themes\default\_masters\page.master.php] (70)"
::1 [2020-02-18 06:27:53] ERROR "[8] Trying to get property of non-object [C:\Xampp1\xampp\htdocs\Cigna\app\themes\default\_masters\page.master.php] (70)"
::1 [2020-02-18 07:04:02] ERROR "[8] Undefined index: audio_file [C:\Xampp1\xampp\htdocs\Cigna\app\Project\Models\Podcasts.php] (248)"
::1 [2020-02-18 07:04:02] ERROR "[8] Undefined index: audio_file [C:\Xampp1\xampp\htdocs\Cigna\app\Project\Models\Podcasts.php] (255)"
::1 [2020-02-18 07:04:02] ERROR "Project\Models\Podcasts property slug not found [C:\Xampp1\xampp\htdocs\Cigna\app\vendor\wingsline\storyframework\src\Story\ORM.php] (867)"
::1 [2020-02-18 07:09:30] ERROR "Call to undefined method Project\Controllers\Admin\Pages\Aboutus::createFromForm() [C:\Xampp1\xampp\htdocs\Cigna\app\Project\Controllers\Admin\Pages\Aboutus.php] (137)"
::1 [2020-02-18 07:10:32] ERROR "Call to undefined method Project\Controllers\Admin\Pages\Aboutus::createFromForm() [C:\Xampp1\xampp\htdocs\Cigna\app\Project\Controllers\Admin\Pages\Aboutus.php] (137)"
::1 [2020-02-18 07:21:06] ERROR "Project\Models\Aboutuss property audio_img_path not found [C:\Xampp1\xampp\htdocs\Cigna\app\vendor\wingsline\storyframework\src\Story\ORM.php] (867)"
::1 [2020-02-18 07:21:17] ERROR "Project\Models\Aboutuss property audio_img_path not found [C:\Xampp1\xampp\htdocs\Cigna\app\vendor\wingsline\storyframework\src\Story\ORM.php] (867)"
::1 [2020-02-18 07:21:21] ERROR "Project\Models\Aboutuss property audio_img_path not found [C:\Xampp1\xampp\htdocs\Cigna\app\vendor\wingsline\storyframework\src\Story\ORM.php] (867)"
::1 [2020-02-18 07:21:28] ERROR "Project\Models\Aboutuss property audio_img_path not found [C:\Xampp1\xampp\htdocs\Cigna\app\vendor\wingsline\storyframework\src\Story\ORM.php] (867)"
::1 [2020-02-18 07:28:43] ERROR "[4096] Argument 2 passed to Project\Support\Podcasts\Validator::update() must be an instance of Project\Models\Podcasts, instance of Project\Models\Aboutuss given, called in C:\Xampp1\xampp\htdocs\Cigna\app\Project\Models\Aboutuss.php on line 363 and defined [C:\Xampp1\xampp\htdocs\Cigna\app\Project\Support\Podcasts\Validator.php] (67)"
::1 [2020-02-18 07:28:43] ERROR "[8] Undefined property: Story\View::$main_page_content [C:\Xampp1\xampp\htdocs\Cigna\app\themes\default\_masters\page.master.php] (39)"
::1 [2020-02-18 07:28:43] ERROR "[8] Trying to get property of non-object [C:\Xampp1\xampp\htdocs\Cigna\app\themes\default\_masters\page.master.php] (39)"
::1 [2020-02-18 07:28:43] ERROR "[8] Undefined property: Story\View::$main_page_content [C:\Xampp1\xampp\htdocs\Cigna\app\themes\default\_masters\page.master.php] (70)"
::1 [2020-02-18 07:28:43] ERROR "[8] Trying to get property of non-object [C:\Xampp1\xampp\htdocs\Cigna\app\themes\default\_masters\page.master.php] (70)"
::1 [2020-02-18 07:28:57] ERROR "[2] unlink(C:\Xampp1\xampp\htdocs\Cigna\app/storage/files/aboutus/): Permission denied [C:\Xampp1\xampp\htdocs\Cigna\app\Project\Controllers\Admin\Pages\Aboutus.php] (231)"
::1 [2020-02-18 07:28:57] ERROR "[8] Undefined index: audio_img_path [C:\Xampp1\xampp\htdocs\Cigna\app\Project\Controllers\Admin\Pages\Aboutus.php] (232)"
::1 [2020-02-18 07:28:57] ERROR "[2] unlink(C:\Xampp1\xampp\htdocs\Cigna\app/storage/files/aboutus/): Permission denied [C:\Xampp1\xampp\htdocs\Cigna\app\Project\Controllers\Admin\Pages\Aboutus.php] (232)"
::1 [2020-02-18 07:29:02] ERROR "[2] unlink(C:\Xampp1\xampp\htdocs\Cigna\app/storage/files/aboutus/): Permission denied [C:\Xampp1\xampp\htdocs\Cigna\app\Project\Controllers\Admin\Pages\Aboutus.php] (231)"
::1 [2020-02-18 07:29:02] ERROR "[8] Undefined index: audio_img_path [C:\Xampp1\xampp\htdocs\Cigna\app\Project\Controllers\Admin\Pages\Aboutus.php] (232)"
::1 [2020-02-18 07:29:02] ERROR "[2] unlink(C:\Xampp1\xampp\htdocs\Cigna\app/storage/files/aboutus/): Permission denied [C:\Xampp1\xampp\htdocs\Cigna\app\Project\Controllers\Admin\Pages\Aboutus.php] (232)"
::1 [2020-02-18 07:29:06] ERROR "[2] unlink(C:\Xampp1\xampp\htdocs\Cigna\app/storage/files/aboutus/): Permission denied [C:\Xampp1\xampp\htdocs\Cigna\app\Project\Controllers\Admin\Pages\Aboutus.php] (231)"
::1 [2020-02-18 07:29:06] ERROR "[8] Undefined index: audio_img_path [C:\Xampp1\xampp\htdocs\Cigna\app\Project\Controllers\Admin\Pages\Aboutus.php] (232)"
::1 [2020-02-18 07:29:06] ERROR "[2] unlink(C:\Xampp1\xampp\htdocs\Cigna\app/storage/files/aboutus/): Permission denied [C:\Xampp1\xampp\htdocs\Cigna\app\Project\Controllers\Admin\Pages\Aboutus.php] (232)"
::1 [2020-02-18 07:29:10] ERROR "[2] unlink(C:\Xampp1\xampp\htdocs\Cigna\app/storage/files/aboutus/): Permission denied [C:\Xampp1\xampp\htdocs\Cigna\app\Project\Controllers\Admin\Pages\Aboutus.php] (231)"
::1 [2020-02-18 07:29:10] ERROR "[8] Undefined index: audio_img_path [C:\Xampp1\xampp\htdocs\Cigna\app\Project\Controllers\Admin\Pages\Aboutus.php] (232)"
::1 [2020-02-18 07:29:10] ERROR "[2] unlink(C:\Xampp1\xampp\htdocs\Cigna\app/storage/files/aboutus/): Permission denied [C:\Xampp1\xampp\htdocs\Cigna\app\Project\Controllers\Admin\Pages\Aboutus.php] (232)"
::1 [2020-02-18 07:29:14] ERROR "[2] unlink(C:\Xampp1\xampp\htdocs\Cigna\app/storage/files/aboutus/): Permission denied [C:\Xampp1\xampp\htdocs\Cigna\app\Project\Controllers\Admin\Pages\Aboutus.php] (231)"
::1 [2020-02-18 07:29:14] ERROR "[8] Undefined index: audio_img_path [C:\Xampp1\xampp\htdocs\Cigna\app\Project\Controllers\Admin\Pages\Aboutus.php] (232)"
::1 [2020-02-18 07:29:14] ERROR "[2] unlink(C:\Xampp1\xampp\htdocs\Cigna\app/storage/files/aboutus/): Permission denied [C:\Xampp1\xampp\htdocs\Cigna\app\Project\Controllers\Admin\Pages\Aboutus.php] (232)"
::1 [2020-02-18 07:29:17] ERROR "[8] Undefined index: audio_img_path [C:\Xampp1\xampp\htdocs\Cigna\app\Project\Controllers\Admin\Pages\Aboutus.php] (232)"
::1 [2020-02-18 07:29:17] ERROR "[2] unlink(C:\Xampp1\xampp\htdocs\Cigna\app/storage/files/aboutus/): Permission denied [C:\Xampp1\xampp\htdocs\Cigna\app\Project\Controllers\Admin\Pages\Aboutus.php] (232)"
::1 [2020-02-18 07:29:29] ERROR "[4096] Argument 2 passed to Project\Support\Podcasts\Validator::update() must be an instance of Project\Models\Podcasts, instance of Project\Models\Aboutuss given, called in C:\Xampp1\xampp\htdocs\Cigna\app\Project\Models\Aboutuss.php on line 363 and defined [C:\Xampp1\xampp\htdocs\Cigna\app\Project\Support\Podcasts\Validator.php] (67)"
::1 [2020-02-18 07:29:29] ERROR "[8] Undefined property: Story\View::$main_page_content [C:\Xampp1\xampp\htdocs\Cigna\app\themes\default\_masters\page.master.php] (39)"
::1 [2020-02-18 07:29:29] ERROR "[8] Trying to get property of non-object [C:\Xampp1\xampp\htdocs\Cigna\app\themes\default\_masters\page.master.php] (39)"
::1 [2020-02-18 07:29:29] ERROR "[8] Undefined property: Story\View::$main_page_content [C:\Xampp1\xampp\htdocs\Cigna\app\themes\default\_masters\page.master.php] (70)"
::1 [2020-02-18 07:29:29] ERROR "[8] Trying to get property of non-object [C:\Xampp1\xampp\htdocs\Cigna\app\themes\default\_masters\page.master.php] (70)"
::1 [2020-02-18 07:29:45] ERROR "[4096] Argument 2 passed to Project\Support\Podcasts\Validator::update() must be an instance of Project\Models\Podcasts, instance of Project\Models\Aboutuss given, called in C:\Xampp1\xampp\htdocs\Cigna\app\Project\Models\Aboutuss.php on line 363 and defined [C:\Xampp1\xampp\htdocs\Cigna\app\Project\Support\Podcasts\Validator.php] (67)"
::1 [2020-02-18 07:29:45] ERROR "[8] Undefined property: Story\View::$main_page_content [C:\Xampp1\xampp\htdocs\Cigna\app\themes\default\_masters\page.master.php] (39)"
::1 [2020-02-18 07:29:45] ERROR "[8] Trying to get property of non-object [C:\Xampp1\xampp\htdocs\Cigna\app\themes\default\_masters\page.master.php] (39)"
::1 [2020-02-18 07:29:45] ERROR "[8] Undefined property: Story\View::$main_page_content [C:\Xampp1\xampp\htdocs\Cigna\app\themes\default\_masters\page.master.php] (70)"
::1 [2020-02-18 07:29:45] ERROR "[8] Trying to get property of non-object [C:\Xampp1\xampp\htdocs\Cigna\app\themes\default\_masters\page.master.php] (70)"
::1 [2020-02-18 07:30:45] ERROR "[4096] Argument 2 passed to Project\Support\Podcasts\Validator::update() must be an instance of Project\Models\Podcasts, instance of Project\Models\Aboutuss given, called in C:\Xampp1\xampp\htdocs\Cigna\app\Project\Models\Aboutuss.php on line 363 and defined [C:\Xampp1\xampp\htdocs\Cigna\app\Project\Support\Podcasts\Validator.php] (67)"
::1 [2020-02-18 07:30:45] ERROR "[8] Undefined property: Story\View::$main_page_content [C:\Xampp1\xampp\htdocs\Cigna\app\themes\default\_masters\page.master.php] (39)"
::1 [2020-02-18 07:30:45] ERROR "[8] Trying to get property of non-object [C:\Xampp1\xampp\htdocs\Cigna\app\themes\default\_masters\page.master.php] (39)"
::1 [2020-02-18 07:30:45] ERROR "[8] Undefined property: Story\View::$main_page_content [C:\Xampp1\xampp\htdocs\Cigna\app\themes\default\_masters\page.master.php] (70)"
::1 [2020-02-18 07:30:45] ERROR "[8] Trying to get property of non-object [C:\Xampp1\xampp\htdocs\Cigna\app\themes\default\_masters\page.master.php] (70)"
::1 [2020-02-18 07:33:37] ERROR "[4096] Argument 2 passed to Project\Support\Podcasts\Validator::update() must be an instance of Project\Models\Podcasts, instance of Project\Models\Aboutuss given, called in C:\Xampp1\xampp\htdocs\Cigna\app\Project\Models\Aboutuss.php on line 363 and defined [C:\Xampp1\xampp\htdocs\Cigna\app\Project\Support\Podcasts\Validator.php] (67)"
::1 [2020-02-18 07:33:37] ERROR "[8] Undefined property: Story\View::$main_page_content [C:\Xampp1\xampp\htdocs\Cigna\app\themes\default\_masters\page.master.php] (39)"
::1 [2020-02-18 07:33:37] ERROR "[8] Trying to get property of non-object [C:\Xampp1\xampp\htdocs\Cigna\app\themes\default\_masters\page.master.php] (39)"
::1 [2020-02-18 07:33:37] ERROR "[8] Undefined property: Story\View::$main_page_content [C:\Xampp1\xampp\htdocs\Cigna\app\themes\default\_masters\page.master.php] (70)"
::1 [2020-02-18 07:33:37] ERROR "[8] Trying to get property of non-object [C:\Xampp1\xampp\htdocs\Cigna\app\themes\default\_masters\page.master.php] (70)"
::1 [2020-02-18 07:33:47] ERROR "[4096] Argument 2 passed to Project\Support\Podcasts\Validator::update() must be an instance of Project\Models\Podcasts, instance of Project\Models\Aboutuss given, called in C:\Xampp1\xampp\htdocs\Cigna\app\Project\Models\Aboutuss.php on line 363 and defined [C:\Xampp1\xampp\htdocs\Cigna\app\Project\Support\Podcasts\Validator.php] (67)"
::1 [2020-02-18 07:33:47] ERROR "[8] Undefined property: Story\View::$main_page_content [C:\Xampp1\xampp\htdocs\Cigna\app\themes\default\_masters\page.master.php] (39)"
::1 [2020-02-18 07:33:47] ERROR "[8] Trying to get property of non-object [C:\Xampp1\xampp\htdocs\Cigna\app\themes\default\_masters\page.master.php] (39)"
::1 [2020-02-18 07:33:47] ERROR "[8] Undefined property: Story\View::$main_page_content [C:\Xampp1\xampp\htdocs\Cigna\app\themes\default\_masters\page.master.php] (70)"
::1 [2020-02-18 07:33:47] ERROR "[8] Trying to get property of non-object [C:\Xampp1\xampp\htdocs\Cigna\app\themes\default\_masters\page.master.php] (70)"
::1 [2020-02-18 07:33:53] ERROR "[4096] Argument 2 passed to Project\Support\Podcasts\Validator::update() must be an instance of Project\Models\Podcasts, instance of Project\Models\Aboutuss given, called in C:\Xampp1\xampp\htdocs\Cigna\app\Project\Models\Aboutuss.php on line 363 and defined [C:\Xampp1\xampp\htdocs\Cigna\app\Project\Support\Podcasts\Validator.php] (67)"
::1 [2020-02-18 07:33:53] ERROR "[8] Undefined property: Story\View::$main_page_content [C:\Xampp1\xampp\htdocs\Cigna\app\themes\default\_masters\page.master.php] (39)"
::1 [2020-02-18 07:33:53] ERROR "[8] Trying to get property of non-object [C:\Xampp1\xampp\htdocs\Cigna\app\themes\default\_masters\page.master.php] (39)"
::1 [2020-02-18 07:33:53] ERROR "[8] Undefined property: Story\View::$main_page_content [C:\Xampp1\xampp\htdocs\Cigna\app\themes\default\_masters\page.master.php] (70)"
::1 [2020-02-18 07:33:53] ERROR "[8] Trying to get property of non-object [C:\Xampp1\xampp\htdocs\Cigna\app\themes\default\_masters\page.master.php] (70)"
::1 [2020-02-18 07:36:44] ERROR "Class 'Project\Support\Aboutuss\validator' not found [C:\Xampp1\xampp\htdocs\Cigna\app\Project\Models\Aboutuss.php] (363)"
::1 [2020-02-18 07:37:09] ERROR "Class 'Project\Support\Podcast\validator' not found [C:\Xampp1\xampp\htdocs\Cigna\app\Project\Models\Aboutuss.php] (363)"
::1 [2020-02-18 07:37:29] ERROR "[4096] Argument 2 passed to Project\Support\Podcasts\Validator::update() must be an instance of Project\Models\Podcasts, instance of Project\Models\Aboutuss given, called in C:\Xampp1\xampp\htdocs\Cigna\app\Project\Models\Aboutuss.php on line 363 and defined [C:\Xampp1\xampp\htdocs\Cigna\app\Project\Support\Podcasts\Validator.php] (67)"
::1 [2020-02-18 07:37:29] ERROR "[8] Undefined property: Story\View::$main_page_content [C:\Xampp1\xampp\htdocs\Cigna\app\themes\default\_masters\page.master.php] (39)"
::1 [2020-02-18 07:37:29] ERROR "[8] Trying to get property of non-object [C:\Xampp1\xampp\htdocs\Cigna\app\themes\default\_masters\page.master.php] (39)"
::1 [2020-02-18 07:37:29] ERROR "[8] Undefined property: Story\View::$main_page_content [C:\Xampp1\xampp\htdocs\Cigna\app\themes\default\_masters\page.master.php] (70)"
::1 [2020-02-18 07:37:29] ERROR "[8] Trying to get property of non-object [C:\Xampp1\xampp\htdocs\Cigna\app\themes\default\_masters\page.master.php] (70)"
::1 [2020-02-18 07:37:55] ERROR "[4096] Argument 2 passed to Project\Support\Podcasts\Validator::update() must be an instance of Project\Models\Podcasts, instance of Project\Models\Aboutuss given, called in C:\Xampp1\xampp\htdocs\Cigna\app\Project\Models\Aboutuss.php on line 363 and defined [C:\Xampp1\xampp\htdocs\Cigna\app\Project\Support\Podcasts\Validator.php] (67)"
::1 [2020-02-18 07:38:02] ERROR "[4096] Argument 2 passed to Project\Support\Podcasts\Validator::update() must be an instance of Project\Models\Podcasts, instance of Project\Models\Aboutuss given, called in C:\Xampp1\xampp\htdocs\Cigna\app\Project\Models\Aboutuss.php on line 363 and defined [C:\Xampp1\xampp\htdocs\Cigna\app\Project\Support\Podcasts\Validator.php] (67)"
::1 [2020-02-18 07:38:07] ERROR "[8] Undefined index: audio_img_path [C:\Xampp1\xampp\htdocs\Cigna\app\Project\Controllers\Admin\Pages\Aboutus.php] (232)"
::1 [2020-02-18 07:38:07] ERROR "[2] unlink(C:\Xampp1\xampp\htdocs\Cigna\app/storage/files/aboutus/): Permission denied [C:\Xampp1\xampp\htdocs\Cigna\app\Project\Controllers\Admin\Pages\Aboutus.php] (232)"
::1 [2020-02-18 07:40:19] ERROR "[8] Undefined index: page_id [C:\Xampp1\xampp\htdocs\Cigna\app\themes\default\_masters\page.master.php] (39)"
::1 [2020-02-18 07:40:19] ERROR "[8] Undefined index: page_id [C:\Xampp1\xampp\htdocs\Cigna\app\themes\default\_masters\page.master.php] (70)"
::1 [2020-02-18 07:40:19] ERROR "[8] Undefined property: Story\View::$main_page_content [C:\Xampp1\xampp\htdocs\Cigna\app\themes\default\_masters\page.master.php] (39)"
::1 [2020-02-18 07:40:19] ERROR "[8] Trying to get property of non-object [C:\Xampp1\xampp\htdocs\Cigna\app\themes\default\_masters\page.master.php] (39)"
::1 [2020-02-18 07:40:19] ERROR "[8] Undefined property: Story\View::$main_page_content [C:\Xampp1\xampp\htdocs\Cigna\app\themes\default\_masters\page.master.php] (70)"
::1 [2020-02-18 07:40:19] ERROR "[8] Trying to get property of non-object [C:\Xampp1\xampp\htdocs\Cigna\app\themes\default\_masters\page.master.php] (70)"
::1 [2020-02-18 07:41:43] ERROR "[8] Undefined property: Story\View::$main_page_content [C:\Xampp1\xampp\htdocs\Cigna\app\themes\default\_masters\page.master.php] (39)"
::1 [2020-02-18 07:41:43] ERROR "[8] Trying to get property of non-object [C:\Xampp1\xampp\htdocs\Cigna\app\themes\default\_masters\page.master.php] (39)"
::1 [2020-02-18 07:41:43] ERROR "[8] Undefined property: Story\View::$main_page_content [C:\Xampp1\xampp\htdocs\Cigna\app\themes\default\_masters\page.master.php] (70)"
::1 [2020-02-18 07:41:43] ERROR "[8] Trying to get property of non-object [C:\Xampp1\xampp\htdocs\Cigna\app\themes\default\_masters\page.master.php] (70)"
::1 [2020-02-18 07:41:52] ERROR "[8] Undefined property: Story\View::$main_page_content [C:\Xampp1\xampp\htdocs\Cigna\app\themes\default\_masters\page.master.php] (39)"
::1 [2020-02-18 07:41:52] ERROR "[8] Trying to get property of non-object [C:\Xampp1\xampp\htdocs\Cigna\app\themes\default\_masters\page.master.php] (39)"
::1 [2020-02-18 07:41:52] ERROR "[8] Undefined property: Story\View::$main_page_content [C:\Xampp1\xampp\htdocs\Cigna\app\themes\default\_masters\page.master.php] (70)"
::1 [2020-02-18 07:41:52] ERROR "[8] Trying to get property of non-object [C:\Xampp1\xampp\htdocs\Cigna\app\themes\default\_masters\page.master.php] (70)"
::1 [2020-02-18 07:41:58] ERROR "[8] Undefined index: page_id [C:\Xampp1\xampp\htdocs\Cigna\app\themes\default\_masters\page.master.php] (39)"
::1 [2020-02-18 07:41:58] ERROR "[8] Undefined index: page_id [C:\Xampp1\xampp\htdocs\Cigna\app\themes\default\_masters\page.master.php] (70)"
159.113.200.5 [2020-02-18 07:58:06] ERROR "[8] Undefined index: page_id [/home/laurelre/qua.laurelreview.org.laurelreview.org/app/themes/default/_masters/page.master.php] (39)"
159.113.200.5 [2020-02-18 07:58:06] ERROR "[8] Undefined index: page_id [/home/laurelre/qua.laurelreview.org.laurelreview.org/app/themes/default/_masters/page.master.php] (70)"
159.113.200.5 [2020-02-18 07:58:07] ERROR "[8] Undefined property: Story\View::$main_page_content [/home/laurelre/qua.laurelreview.org.laurelreview.org/app/themes/default/_masters/page.master.php] (39)"
159.113.200.5 [2020-02-18 07:58:07] ERROR "[8] Trying to get property of non-object [/home/laurelre/qua.laurelreview.org.laurelreview.org/app/themes/default/_masters/page.master.php] (39)"
159.113.200.5 [2020-02-18 07:58:07] ERROR "[8] Undefined property: Story\View::$main_page_content [/home/laurelre/qua.laurelreview.org.laurelreview.org/app/themes/default/_masters/page.master.php] (70)"
159.113.200.5 [2020-02-18 07:58:07] ERROR "[8] Trying to get property of non-object [/home/laurelre/qua.laurelreview.org.laurelreview.org/app/themes/default/_masters/page.master.php] (70)"
159.113.200.5 [2020-02-18 07:58:09] ERROR "[8] Undefined index: page_id [/home/laurelre/qua.laurelreview.org.laurelreview.org/app/themes/default/_masters/page.master.php] (39)"
159.113.200.5 [2020-02-18 07:58:09] ERROR "[8] Undefined index: page_id [/home/laurelre/qua.laurelreview.org.laurelreview.org/app/themes/default/_masters/page.master.php] (70)"
159.113.200.5 [2020-02-18 07:58:15] ERROR "[8] Trying to get property of non-object [/home/laurelre/qua.laurelreview.org.laurelreview.org/app/themes/default/_masters/page.master.php] (39)"
159.113.200.5 [2020-02-18 07:58:15] ERROR "[8] Trying to get property of non-object [/home/laurelre/qua.laurelreview.org.laurelreview.org/app/themes/default/_masters/page.master.php] (70)"
159.113.200.5 [2020-02-18 07:58:23] ERROR "SQLSTATE[42S02]: Base table or view not found: 1146 Table 'laurelre_site-production.dev_podcast' doesn't exist [/home/laurelre/qua.laurelreview.org.laurelreview.org/app/vendor/wingsline/storyframework/src/Story/DB.php] (167)"
159.113.200.5 [2020-02-18 08:02:02] ERROR "Class 'Project\Support\Podcasts\validator' not found [/home/laurelre/qua.laurelreview.org.laurelreview.org/app/Project/Models/Podcasts.php] (230)"
159.113.200.5 [2020-02-18 08:03:27] ERROR "Class 'Project\Support\Podcasts\validator' not found [/home/laurelre/qua.laurelreview.org.laurelreview.org/app/Project/Models/Podcasts.php] (230)"
