::1 [2020-02-14 03:17:40] ERROR "Class 'Project\Controllers\AbstractPage' not found [C:\Xampp1\xampp\htdocs\Cigna\app\Project\Controllers\PageController.php] (21)"
::1 [2020-02-14 03:27:42] ERROR "[2] require(C:\Xampp1\xampp\htdocs\Cigna\app/themes/default/.php): failed to open stream: No such file or directory [C:\Xampp1\xampp\htdocs\Cigna\app\vendor\wingsline\storyframework\src\Story\View.php] (71)"
::1 [2020-02-14 03:27:42] ERROR "require(): Failed opening required 'C:\Xampp1\xampp\htdocs\Cigna\app/themes/default/.php' (include_path='C:\Xampp1\xampp\php\PEAR') [C:\Xampp1\xampp\htdocs\Cigna\app\vendor\wingsline\storyframework\src\Story\View.php] (71)"
::1 [2020-02-14 03:42:55] ERROR "Call to undefined function Project\Controllers\apc_cache_clear() [C:\Xampp1\xampp\htdocs\Cigna\app\Project\Controllers\PageController.php] (28)"
::1 [2020-02-14 04:58:42] ERROR "[8] Undefined property: Story\View::$name [C:\Xampp1\xampp\htdocs\Cigna\app\themes\default\pages\page.php] (42)"
::1 [2020-02-14 05:00:23] ERROR "Cannot use object of type Story\View as array [C:\Xampp1\xampp\htdocs\Cigna\app\themes\default\pages\page.php] (42)"
::1 [2020-02-14 05:03:14] ERROR "[2] in_array() expects parameter 2 to be array, string given [C:\Xampp1\xampp\htdocs\Cigna\app\themes\default\pages\page.php] (43)"
::1 [2020-02-14 05:03:24] ERROR "[2] in_array() expects parameter 2 to be array, string given [C:\Xampp1\xampp\htdocs\Cigna\app\themes\default\pages\page.php] (43)"
::1 [2020-02-14 05:03:30] ERROR "[2] in_array() expects parameter 2 to be array, string given [C:\Xampp1\xampp\htdocs\Cigna\app\themes\default\pages\page.php] (43)"
::1 [2020-02-14 05:03:31] ERROR "[2] in_array() expects parameter 2 to be array, string given [C:\Xampp1\xampp\htdocs\Cigna\app\themes\default\pages\page.php] (43)"
::1 [2020-02-14 05:03:31] ERROR "[2] in_array() expects parameter 2 to be array, string given [C:\Xampp1\xampp\htdocs\Cigna\app\themes\default\pages\page.php] (43)"
::1 [2020-02-14 05:03:31] ERROR "[2] in_array() expects parameter 2 to be array, string given [C:\Xampp1\xampp\htdocs\Cigna\app\themes\default\pages\page.php] (43)"
::1 [2020-02-14 05:03:31] ERROR "[2] in_array() expects parameter 2 to be array, string given [C:\Xampp1\xampp\htdocs\Cigna\app\themes\default\pages\page.php] (43)"
::1 [2020-02-14 05:03:31] ERROR "[2] in_array() expects parameter 2 to be array, string given [C:\Xampp1\xampp\htdocs\Cigna\app\themes\default\pages\page.php] (43)"
::1 [2020-02-14 05:03:32] ERROR "[2] in_array() expects parameter 2 to be array, string given [C:\Xampp1\xampp\htdocs\Cigna\app\themes\default\pages\page.php] (43)"
::1 [2020-02-14 05:03:32] ERROR "[2] in_array() expects parameter 2 to be array, string given [C:\Xampp1\xampp\htdocs\Cigna\app\themes\default\pages\page.php] (43)"
::1 [2020-02-14 05:03:32] ERROR "[2] in_array() expects parameter 2 to be array, string given [C:\Xampp1\xampp\htdocs\Cigna\app\themes\default\pages\page.php] (43)"
::1 [2020-02-14 05:03:51] ERROR "[2] in_array() expects parameter 2 to be array, string given [C:\Xampp1\xampp\htdocs\Cigna\app\themes\default\pages\page.php] (43)"
::1 [2020-02-14 05:04:02] ERROR "[2] in_array() expects parameter 2 to be array, string given [C:\Xampp1\xampp\htdocs\Cigna\app\themes\default\pages\page.php] (43)"
::1 [2020-02-14 05:04:03] ERROR "[2] in_array() expects parameter 2 to be array, string given [C:\Xampp1\xampp\htdocs\Cigna\app\themes\default\pages\page.php] (43)"
::1 [2020-02-14 05:04:03] ERROR "[2] in_array() expects parameter 2 to be array, string given [C:\Xampp1\xampp\htdocs\Cigna\app\themes\default\pages\page.php] (43)"
::1 [2020-02-14 05:04:04] ERROR "[2] in_array() expects parameter 2 to be array, string given [C:\Xampp1\xampp\htdocs\Cigna\app\themes\default\pages\page.php] (43)"
::1 [2020-02-14 05:04:04] ERROR "[2] in_array() expects parameter 2 to be array, string given [C:\Xampp1\xampp\htdocs\Cigna\app\themes\default\pages\page.php] (43)"
::1 [2020-02-14 05:04:04] ERROR "[2] in_array() expects parameter 2 to be array, string given [C:\Xampp1\xampp\htdocs\Cigna\app\themes\default\pages\page.php] (43)"
::1 [2020-02-14 05:04:04] ERROR "[2] in_array() expects parameter 2 to be array, string given [C:\Xampp1\xampp\htdocs\Cigna\app\themes\default\pages\page.php] (43)"
::1 [2020-02-14 05:04:04] ERROR "[2] in_array() expects parameter 2 to be array, string given [C:\Xampp1\xampp\htdocs\Cigna\app\themes\default\pages\page.php] (43)"
::1 [2020-02-14 05:04:05] ERROR "[2] in_array() expects parameter 2 to be array, string given [C:\Xampp1\xampp\htdocs\Cigna\app\themes\default\pages\page.php] (43)"
::1 [2020-02-14 05:04:45] ERROR "[2] in_array() expects parameter 2 to be array, string given [C:\Xampp1\xampp\htdocs\Cigna\app\themes\default\pages\page.php] (43)"
::1 [2020-02-14 05:05:03] ERROR "[2] in_array() expects parameter 2 to be array, string given [C:\Xampp1\xampp\htdocs\Cigna\app\themes\default\pages\page.php] (43)"
::1 [2020-02-14 05:05:05] ERROR "[2] in_array() expects parameter 2 to be array, string given [C:\Xampp1\xampp\htdocs\Cigna\app\themes\default\pages\page.php] (43)"
::1 [2020-02-14 05:05:05] ERROR "[2] in_array() expects parameter 2 to be array, string given [C:\Xampp1\xampp\htdocs\Cigna\app\themes\default\pages\page.php] (43)"
::1 [2020-02-14 05:05:05] ERROR "[2] in_array() expects parameter 2 to be array, string given [C:\Xampp1\xampp\htdocs\Cigna\app\themes\default\pages\page.php] (43)"
::1 [2020-02-14 05:05:05] ERROR "[2] in_array() expects parameter 2 to be array, string given [C:\Xampp1\xampp\htdocs\Cigna\app\themes\default\pages\page.php] (43)"
::1 [2020-02-14 05:05:06] ERROR "[2] in_array() expects parameter 2 to be array, string given [C:\Xampp1\xampp\htdocs\Cigna\app\themes\default\pages\page.php] (43)"
::1 [2020-02-14 05:05:06] ERROR "[2] in_array() expects parameter 2 to be array, string given [C:\Xampp1\xampp\htdocs\Cigna\app\themes\default\pages\page.php] (43)"
::1 [2020-02-14 05:05:13] ERROR "[2] in_array() expects parameter 2 to be array, string given [C:\Xampp1\xampp\htdocs\Cigna\app\themes\default\pages\page.php] (43)"
::1 [2020-02-14 05:07:32] ERROR "[2] in_array() expects parameter 2 to be array, string given [C:\Xampp1\xampp\htdocs\Cigna\app\themes\default\pages\page.php] (42)"
::1 [2020-02-14 05:10:09] ERROR "[2] in_array() expects parameter 2 to be array, string given [C:\Xampp1\xampp\htdocs\Cigna\app\themes\default\pages\page.php] (42)"
::1 [2020-02-14 05:10:11] ERROR "[2] in_array() expects parameter 2 to be array, string given [C:\Xampp1\xampp\htdocs\Cigna\app\themes\default\pages\page.php] (42)"
::1 [2020-02-14 05:10:11] ERROR "[2] in_array() expects parameter 2 to be array, string given [C:\Xampp1\xampp\htdocs\Cigna\app\themes\default\pages\page.php] (42)"
::1 [2020-02-14 05:10:12] ERROR "[2] in_array() expects parameter 2 to be array, string given [C:\Xampp1\xampp\htdocs\Cigna\app\themes\default\pages\page.php] (42)"
::1 [2020-02-14 05:10:12] ERROR "[2] in_array() expects parameter 2 to be array, string given [C:\Xampp1\xampp\htdocs\Cigna\app\themes\default\pages\page.php] (42)"
::1 [2020-02-14 05:10:38] ERROR "[2] in_array() expects parameter 2 to be array, string given [C:\Xampp1\xampp\htdocs\Cigna\app\themes\default\pages\page.php] (42)"
::1 [2020-02-14 05:10:40] ERROR "[2] in_array() expects parameter 2 to be array, string given [C:\Xampp1\xampp\htdocs\Cigna\app\themes\default\pages\page.php] (42)"
::1 [2020-02-14 05:10:40] ERROR "[2] in_array() expects parameter 2 to be array, string given [C:\Xampp1\xampp\htdocs\Cigna\app\themes\default\pages\page.php] (42)"
::1 [2020-02-14 05:10:40] ERROR "[2] in_array() expects parameter 2 to be array, string given [C:\Xampp1\xampp\htdocs\Cigna\app\themes\default\pages\page.php] (42)"
::1 [2020-02-14 05:10:40] ERROR "[2] in_array() expects parameter 2 to be array, string given [C:\Xampp1\xampp\htdocs\Cigna\app\themes\default\pages\page.php] (42)"
::1 [2020-02-14 05:11:15] ERROR "[2] in_array() expects parameter 2 to be array, string given [C:\Xampp1\xampp\htdocs\Cigna\app\themes\default\pages\page.php] (44)"
::1 [2020-02-14 05:12:06] ERROR "[2] in_array() expects parameter 2 to be array, string given [C:\Xampp1\xampp\htdocs\Cigna\app\themes\default\pages\page.php] (44)"
::1 [2020-02-14 05:12:08] ERROR "[2] in_array() expects parameter 2 to be array, string given [C:\Xampp1\xampp\htdocs\Cigna\app\themes\default\pages\page.php] (44)"
::1 [2020-02-14 05:12:08] ERROR "[2] in_array() expects parameter 2 to be array, string given [C:\Xampp1\xampp\htdocs\Cigna\app\themes\default\pages\page.php] (44)"
::1 [2020-02-14 05:12:08] ERROR "[2] in_array() expects parameter 2 to be array, string given [C:\Xampp1\xampp\htdocs\Cigna\app\themes\default\pages\page.php] (44)"
::1 [2020-02-14 05:12:08] ERROR "[2] in_array() expects parameter 2 to be array, string given [C:\Xampp1\xampp\htdocs\Cigna\app\themes\default\pages\page.php] (44)"
::1 [2020-02-14 05:12:09] ERROR "[2] in_array() expects parameter 2 to be array, string given [C:\Xampp1\xampp\htdocs\Cigna\app\themes\default\pages\page.php] (44)"
::1 [2020-02-14 05:12:09] ERROR "[2] in_array() expects parameter 2 to be array, string given [C:\Xampp1\xampp\htdocs\Cigna\app\themes\default\pages\page.php] (44)"
::1 [2020-02-14 05:12:41] ERROR "[2] in_array() expects parameter 2 to be array, string given [C:\Xampp1\xampp\htdocs\Cigna\app\themes\default\pages\page.php] (44)"
::1 [2020-02-14 06:56:51] ERROR "[8] Use of undefined constant this - assumed 'this' [C:\Xampp1\xampp\htdocs\Cigna\app\themes\default\_masters\page.master.php] (27)"
::1 [2020-02-14 06:56:51] ERROR "[8] Use of undefined constant this - assumed 'this' [C:\Xampp1\xampp\htdocs\Cigna\app\themes\default\_masters\page.master.php] (27)"
::1 [2020-02-14 06:56:51] ERROR "[8] Use of undefined constant this - assumed 'this' [C:\Xampp1\xampp\htdocs\Cigna\app\themes\default\_masters\page.master.php] (27)"
::1 [2020-02-14 06:56:51] ERROR "[8] Use of undefined constant this - assumed 'this' [C:\Xampp1\xampp\htdocs\Cigna\app\themes\default\_masters\page.master.php] (27)"
::1 [2020-02-14 06:56:51] ERROR "[8] Use of undefined constant this - assumed 'this' [C:\Xampp1\xampp\htdocs\Cigna\app\themes\default\_masters\page.master.php] (27)"
::1 [2020-02-14 06:56:51] ERROR "[8] Use of undefined constant this - assumed 'this' [C:\Xampp1\xampp\htdocs\Cigna\app\themes\default\_masters\page.master.php] (27)"
::1 [2020-02-14 06:56:51] ERROR "[8] Use of undefined constant this - assumed 'this' [C:\Xampp1\xampp\htdocs\Cigna\app\themes\default\_masters\page.master.php] (27)"
::1 [2020-02-14 06:56:53] ERROR "[8] Use of undefined constant this - assumed 'this' [C:\Xampp1\xampp\htdocs\Cigna\app\themes\default\_masters\page.master.php] (27)"
::1 [2020-02-14 06:56:53] ERROR "[8] Use of undefined constant this - assumed 'this' [C:\Xampp1\xampp\htdocs\Cigna\app\themes\default\_masters\page.master.php] (27)"
::1 [2020-02-14 06:56:53] ERROR "[8] Use of undefined constant this - assumed 'this' [C:\Xampp1\xampp\htdocs\Cigna\app\themes\default\_masters\page.master.php] (27)"
::1 [2020-02-14 06:56:53] ERROR "[8] Use of undefined constant this - assumed 'this' [C:\Xampp1\xampp\htdocs\Cigna\app\themes\default\_masters\page.master.php] (27)"
::1 [2020-02-14 06:56:53] ERROR "[8] Use of undefined constant this - assumed 'this' [C:\Xampp1\xampp\htdocs\Cigna\app\themes\default\_masters\page.master.php] (27)"
::1 [2020-02-14 06:56:54] ERROR "[8] Use of undefined constant this - assumed 'this' [C:\Xampp1\xampp\htdocs\Cigna\app\themes\default\_masters\page.master.php] (27)"
::1 [2020-02-14 06:56:54] ERROR "[8] Use of undefined constant this - assumed 'this' [C:\Xampp1\xampp\htdocs\Cigna\app\themes\default\_masters\page.master.php] (27)"
::1 [2020-02-14 06:56:54] ERROR "[8] Use of undefined constant this - assumed 'this' [C:\Xampp1\xampp\htdocs\Cigna\app\themes\default\_masters\page.master.php] (27)"
::1 [2020-02-14 06:56:54] ERROR "[8] Use of undefined constant this - assumed 'this' [C:\Xampp1\xampp\htdocs\Cigna\app\themes\default\_masters\page.master.php] (27)"
::1 [2020-02-14 06:56:54] ERROR "[8] Use of undefined constant this - assumed 'this' [C:\Xampp1\xampp\htdocs\Cigna\app\themes\default\_masters\page.master.php] (27)"
::1 [2020-02-14 06:56:54] ERROR "[8] Use of undefined constant this - assumed 'this' [C:\Xampp1\xampp\htdocs\Cigna\app\themes\default\_masters\page.master.php] (27)"
::1 [2020-02-14 06:56:54] ERROR "[8] Use of undefined constant this - assumed 'this' [C:\Xampp1\xampp\htdocs\Cigna\app\themes\default\_masters\page.master.php] (27)"
::1 [2020-02-14 06:56:54] ERROR "[8] Use of undefined constant this - assumed 'this' [C:\Xampp1\xampp\htdocs\Cigna\app\themes\default\_masters\page.master.php] (27)"
::1 [2020-02-14 06:56:54] ERROR "[8] Use of undefined constant this - assumed 'this' [C:\Xampp1\xampp\htdocs\Cigna\app\themes\default\_masters\page.master.php] (27)"
::1 [2020-02-14 06:56:54] ERROR "[8] Use of undefined constant this - assumed 'this' [C:\Xampp1\xampp\htdocs\Cigna\app\themes\default\_masters\page.master.php] (27)"
::1 [2020-02-14 06:56:54] ERROR "[8] Use of undefined constant this - assumed 'this' [C:\Xampp1\xampp\htdocs\Cigna\app\themes\default\_masters\page.master.php] (27)"
::1 [2020-02-14 06:56:54] ERROR "[8] Use of undefined constant this - assumed 'this' [C:\Xampp1\xampp\htdocs\Cigna\app\themes\default\_masters\page.master.php] (27)"
::1 [2020-02-14 06:56:54] ERROR "[8] Use of undefined constant this - assumed 'this' [C:\Xampp1\xampp\htdocs\Cigna\app\themes\default\_masters\page.master.php] (27)"
::1 [2020-02-14 06:56:54] ERROR "[8] Use of undefined constant this - assumed 'this' [C:\Xampp1\xampp\htdocs\Cigna\app\themes\default\_masters\page.master.php] (27)"
::1 [2020-02-14 06:56:54] ERROR "[8] Use of undefined constant this - assumed 'this' [C:\Xampp1\xampp\htdocs\Cigna\app\themes\default\_masters\page.master.php] (27)"
::1 [2020-02-14 06:56:54] ERROR "[8] Use of undefined constant this - assumed 'this' [C:\Xampp1\xampp\htdocs\Cigna\app\themes\default\_masters\page.master.php] (27)"
::1 [2020-02-14 06:56:54] ERROR "[8] Use of undefined constant this - assumed 'this' [C:\Xampp1\xampp\htdocs\Cigna\app\themes\default\_masters\page.master.php] (27)"
::1 [2020-02-14 06:56:54] ERROR "[8] Use of undefined constant this - assumed 'this' [C:\Xampp1\xampp\htdocs\Cigna\app\themes\default\_masters\page.master.php] (27)"
::1 [2020-02-14 06:56:55] ERROR "[8] Use of undefined constant this - assumed 'this' [C:\Xampp1\xampp\htdocs\Cigna\app\themes\default\_masters\page.master.php] (27)"
::1 [2020-02-14 06:57:06] ERROR "[8] Use of undefined constant this - assumed 'this' [C:\Xampp1\xampp\htdocs\Cigna\app\themes\default\_masters\page.master.php] (27)"
::1 [2020-02-14 06:57:06] ERROR "[8] Use of undefined constant this - assumed 'this' [C:\Xampp1\xampp\htdocs\Cigna\app\themes\default\_masters\page.master.php] (27)"
::1 [2020-02-14 06:57:06] ERROR "[8] Use of undefined constant this - assumed 'this' [C:\Xampp1\xampp\htdocs\Cigna\app\themes\default\_masters\page.master.php] (27)"
::1 [2020-02-14 06:57:06] ERROR "[8] Use of undefined constant this - assumed 'this' [C:\Xampp1\xampp\htdocs\Cigna\app\themes\default\_masters\page.master.php] (27)"
::1 [2020-02-14 06:57:06] ERROR "[8] Use of undefined constant this - assumed 'this' [C:\Xampp1\xampp\htdocs\Cigna\app\themes\default\_masters\page.master.php] (27)"
::1 [2020-02-14 06:57:06] ERROR "[8] Use of undefined constant this - assumed 'this' [C:\Xampp1\xampp\htdocs\Cigna\app\themes\default\_masters\page.master.php] (27)"
::1 [2020-02-14 06:57:06] ERROR "[8] Use of undefined constant this - assumed 'this' [C:\Xampp1\xampp\htdocs\Cigna\app\themes\default\_masters\page.master.php] (27)"
::1 [2020-02-14 06:57:44] ERROR "[8] Use of undefined constant this - assumed 'this' [C:\Xampp1\xampp\htdocs\Cigna\app\themes\default\_masters\page.master.php] (27)"
::1 [2020-02-14 06:57:44] ERROR "[8] Use of undefined constant this - assumed 'this' [C:\Xampp1\xampp\htdocs\Cigna\app\themes\default\_masters\page.master.php] (27)"
::1 [2020-02-14 06:57:44] ERROR "[8] Use of undefined constant this - assumed 'this' [C:\Xampp1\xampp\htdocs\Cigna\app\themes\default\_masters\page.master.php] (27)"
::1 [2020-02-14 06:57:44] ERROR "[8] Use of undefined constant this - assumed 'this' [C:\Xampp1\xampp\htdocs\Cigna\app\themes\default\_masters\page.master.php] (27)"
::1 [2020-02-14 06:57:44] ERROR "[8] Use of undefined constant this - assumed 'this' [C:\Xampp1\xampp\htdocs\Cigna\app\themes\default\_masters\page.master.php] (27)"
::1 [2020-02-14 06:57:44] ERROR "[8] Use of undefined constant this - assumed 'this' [C:\Xampp1\xampp\htdocs\Cigna\app\themes\default\_masters\page.master.php] (27)"
::1 [2020-02-14 06:57:44] ERROR "[8] Use of undefined constant this - assumed 'this' [C:\Xampp1\xampp\htdocs\Cigna\app\themes\default\_masters\page.master.php] (27)"
::1 [2020-02-14 06:57:55] ERROR "[8] Use of undefined constant this - assumed 'this' [C:\Xampp1\xampp\htdocs\Cigna\app\themes\default\_masters\page.master.php] (27)"
::1 [2020-02-14 06:58:40] ERROR "[8] Use of undefined constant this - assumed 'this' [C:\Xampp1\xampp\htdocs\Cigna\app\themes\default\_masters\page.master.php] (27)"
::1 [2020-02-14 07:00:31] ERROR "[8] Use of undefined constant this - assumed 'this' [C:\Xampp1\xampp\htdocs\Cigna\app\themes\default\_masters\page.master.php] (27)"
::1 [2020-02-14 07:00:31] ERROR "[8] Use of undefined constant this - assumed 'this' [C:\Xampp1\xampp\htdocs\Cigna\app\themes\default\_masters\page.master.php] (27)"
::1 [2020-02-14 07:00:31] ERROR "[8] Use of undefined constant this - assumed 'this' [C:\Xampp1\xampp\htdocs\Cigna\app\themes\default\_masters\page.master.php] (27)"
::1 [2020-02-14 07:00:31] ERROR "[8] Use of undefined constant this - assumed 'this' [C:\Xampp1\xampp\htdocs\Cigna\app\themes\default\_masters\page.master.php] (27)"
::1 [2020-02-14 07:00:31] ERROR "[8] Use of undefined constant this - assumed 'this' [C:\Xampp1\xampp\htdocs\Cigna\app\themes\default\_masters\page.master.php] (27)"
::1 [2020-02-14 07:00:31] ERROR "[8] Use of undefined constant this - assumed 'this' [C:\Xampp1\xampp\htdocs\Cigna\app\themes\default\_masters\page.master.php] (27)"
::1 [2020-02-14 07:00:31] ERROR "[8] Use of undefined constant this - assumed 'this' [C:\Xampp1\xampp\htdocs\Cigna\app\themes\default\_masters\page.master.php] (27)"
::1 [2020-02-14 07:00:31] ERROR "[8] Use of undefined constant this - assumed 'this' [C:\Xampp1\xampp\htdocs\Cigna\app\themes\default\_masters\page.master.php] (27)"
::1 [2020-02-14 07:00:44] ERROR "[8] Use of undefined constant this - assumed 'this' [C:\Xampp1\xampp\htdocs\Cigna\app\themes\default\_masters\page.master.php] (27)"
::1 [2020-02-14 07:02:56] ERROR "[8] Use of undefined constant this - assumed 'this' [C:\Xampp1\xampp\htdocs\Cigna\app\themes\default\_masters\page.master.php] (27)"
::1 [2020-02-14 07:02:57] ERROR "[8] Use of undefined constant this - assumed 'this' [C:\Xampp1\xampp\htdocs\Cigna\app\themes\default\_masters\page.master.php] (27)"
::1 [2020-02-14 07:09:43] ERROR "[8] Use of undefined constant this - assumed 'this' [C:\Xampp1\xampp\htdocs\Cigna\app\themes\default\_masters\page.master.php] (27)"
::1 [2020-02-14 07:09:43] ERROR "[8] Use of undefined constant this - assumed 'this' [C:\Xampp1\xampp\htdocs\Cigna\app\themes\default\_masters\page.master.php] (27)"
::1 [2020-02-14 07:09:49] ERROR "[8] Use of undefined constant this - assumed 'this' [C:\Xampp1\xampp\htdocs\Cigna\app\themes\default\_masters\page.master.php] (27)"
::1 [2020-02-14 07:09:58] ERROR "[8] Use of undefined constant this - assumed 'this' [C:\Xampp1\xampp\htdocs\Cigna\app\themes\default\_masters\page.master.php] (27)"
::1 [2020-02-14 07:10:43] ERROR "[8] Use of undefined constant this - assumed 'this' [C:\Xampp1\xampp\htdocs\Cigna\app\themes\default\_masters\page.master.php] (27)"
::1 [2020-02-14 07:10:43] ERROR "[8] Use of undefined constant this - assumed 'this' [C:\Xampp1\xampp\htdocs\Cigna\app\themes\default\_masters\page.master.php] (27)"
::1 [2020-02-14 07:10:45] ERROR "[8] Use of undefined constant this - assumed 'this' [C:\Xampp1\xampp\htdocs\Cigna\app\themes\default\_masters\page.master.php] (27)"
::1 [2020-02-14 07:10:46] ERROR "[8] Use of undefined constant this - assumed 'this' [C:\Xampp1\xampp\htdocs\Cigna\app\themes\default\_masters\page.master.php] (27)"
::1 [2020-02-14 07:10:52] ERROR "[8] Use of undefined constant this - assumed 'this' [C:\Xampp1\xampp\htdocs\Cigna\app\themes\default\_masters\page.master.php] (27)"
::1 [2020-02-14 07:11:48] ERROR "[8] Use of undefined constant this - assumed 'this' [C:\Xampp1\xampp\htdocs\Cigna\app\themes\default\_masters\page.master.php] (27)"
::1 [2020-02-14 07:11:52] ERROR "[8] Use of undefined constant this - assumed 'this' [C:\Xampp1\xampp\htdocs\Cigna\app\themes\default\_masters\page.master.php] (27)"
::1 [2020-02-14 07:12:00] ERROR "[8] Use of undefined constant this - assumed 'this' [C:\Xampp1\xampp\htdocs\Cigna\app\themes\default\_masters\page.master.php] (27)"
::1 [2020-02-14 07:12:01] ERROR "[8] Use of undefined constant this - assumed 'this' [C:\Xampp1\xampp\htdocs\Cigna\app\themes\default\_masters\page.master.php] (27)"
::1 [2020-02-14 07:12:04] ERROR "[8] Use of undefined constant this - assumed 'this' [C:\Xampp1\xampp\htdocs\Cigna\app\themes\default\_masters\page.master.php] (27)"
::1 [2020-02-14 07:44:56] ERROR "[8] Undefined index: page_id [C:\Xampp1\xampp\htdocs\Cigna\app\themes\default\_masters\page.master.php] (82)"
::1 [2020-02-14 07:45:31] ERROR "[8] Undefined index: page_id [C:\Xampp1\xampp\htdocs\Cigna\app\themes\default\_masters\page.master.php] (82)"
::1 [2020-02-14 07:45:39] ERROR "[8] Undefined index: page_id [C:\Xampp1\xampp\htdocs\Cigna\app\themes\default\_masters\page.master.php] (82)"
::1 [2020-02-14 07:46:02] ERROR "[8] Undefined index: page_id [C:\Xampp1\xampp\htdocs\Cigna\app\themes\default\_masters\page.master.php] (82)"
::1 [2020-02-14 07:46:02] ERROR "[8] Undefined property: Story\View::$main_page_content [C:\Xampp1\xampp\htdocs\Cigna\app\themes\default\_masters\page.master.php] (82)"
::1 [2020-02-14 07:46:02] ERROR "[8] Trying to get property of non-object [C:\Xampp1\xampp\htdocs\Cigna\app\themes\default\_masters\page.master.php] (82)"
::1 [2020-02-14 07:46:02] ERROR "[8] Undefined index: page_id [C:\Xampp1\xampp\htdocs\Cigna\app\themes\default\_masters\page.master.php] (82)"
::1 [2020-02-14 07:46:03] ERROR "[8] Undefined property: Story\View::$main_page_content [C:\Xampp1\xampp\htdocs\Cigna\app\themes\default\_masters\page.master.php] (82)"
::1 [2020-02-14 07:46:03] ERROR "[8] Trying to get property of non-object [C:\Xampp1\xampp\htdocs\Cigna\app\themes\default\_masters\page.master.php] (82)"
::1 [2020-02-14 07:47:14] ERROR "[8] Undefined index: page_id [C:\Xampp1\xampp\htdocs\Cigna\app\themes\default\_masters\page.master.php] (64)"
::1 [2020-02-14 07:47:14] ERROR "[8] Undefined property: Story\View::$main_page_content [C:\Xampp1\xampp\htdocs\Cigna\app\themes\default\_masters\page.master.php] (64)"
::1 [2020-02-14 07:47:14] ERROR "[8] Trying to get property of non-object [C:\Xampp1\xampp\htdocs\Cigna\app\themes\default\_masters\page.master.php] (64)"
::1 [2020-02-14 08:27:04] ERROR "[8] Undefined property: Story\View::$main_page_content [C:\Xampp1\xampp\htdocs\Cigna\app\themes\default\_masters\page.master.php] (64)"
::1 [2020-02-14 08:27:04] ERROR "[8] Undefined property: Story\View::$main_page_content [C:\Xampp1\xampp\htdocs\Cigna\app\themes\default\_masters\page.master.php] (64)"
::1 [2020-02-14 08:27:04] ERROR "[8] Trying to get property of non-object [C:\Xampp1\xampp\htdocs\Cigna\app\themes\default\_masters\page.master.php] (64)"
::1 [2020-02-14 08:27:04] ERROR "[8] Trying to get property of non-object [C:\Xampp1\xampp\htdocs\Cigna\app\themes\default\_masters\page.master.php] (64)"
::1 [2020-02-14 08:27:04] ERROR "[8] Trying to get property of non-object [C:\Xampp1\xampp\htdocs\Cigna\app\themes\default\_masters\page.master.php] (64)"
::1 [2020-02-14 08:27:04] ERROR "[8] Trying to get property of non-object [C:\Xampp1\xampp\htdocs\Cigna\app\themes\default\_masters\page.master.php] (64)"
::1 [2020-02-14 08:27:04] ERROR "[8] Trying to get property of non-object [C:\Xampp1\xampp\htdocs\Cigna\app\themes\default\_masters\page.master.php] (64)"
::1 [2020-02-14 08:27:07] ERROR "[8] Undefined index: page_id [C:\Xampp1\xampp\htdocs\Cigna\app\themes\default\_masters\page.master.php] (64)"
::1 [2020-02-14 08:27:07] ERROR "[8] Undefined property: Story\View::$main_page_content [C:\Xampp1\xampp\htdocs\Cigna\app\themes\default\_masters\page.master.php] (64)"
::1 [2020-02-14 08:27:07] ERROR "[8] Trying to get property of non-object [C:\Xampp1\xampp\htdocs\Cigna\app\themes\default\_masters\page.master.php] (64)"
::1 [2020-02-14 08:27:17] ERROR "[8] Undefined index: page_id [C:\Xampp1\xampp\htdocs\Cigna\app\themes\default\_masters\page.master.php] (64)"
::1 [2020-02-14 08:27:17] ERROR "[8] Undefined property: Story\View::$main_page_content [C:\Xampp1\xampp\htdocs\Cigna\app\themes\default\_masters\page.master.php] (64)"
::1 [2020-02-14 08:27:17] ERROR "[8] Trying to get property of non-object [C:\Xampp1\xampp\htdocs\Cigna\app\themes\default\_masters\page.master.php] (64)"
::1 [2020-02-14 08:29:52] ERROR "[8] Undefined index: page_id [C:\Xampp1\xampp\htdocs\Cigna\app\themes\default\_masters\page.master.php] (39)"
::1 [2020-02-14 08:29:52] ERROR "[8] Undefined index: page_id [C:\Xampp1\xampp\htdocs\Cigna\app\themes\default\_masters\page.master.php] (70)"
::1 [2020-02-14 08:29:52] ERROR "[8] Undefined property: Story\View::$main_page_content [C:\Xampp1\xampp\htdocs\Cigna\app\themes\default\_masters\page.master.php] (39)"
::1 [2020-02-14 08:29:52] ERROR "[8] Trying to get property of non-object [C:\Xampp1\xampp\htdocs\Cigna\app\themes\default\_masters\page.master.php] (39)"
::1 [2020-02-14 08:29:52] ERROR "[8] Undefined property: Story\View::$main_page_content [C:\Xampp1\xampp\htdocs\Cigna\app\themes\default\_masters\page.master.php] (70)"
::1 [2020-02-14 08:29:52] ERROR "[8] Trying to get property of non-object [C:\Xampp1\xampp\htdocs\Cigna\app\themes\default\_masters\page.master.php] (70)"
::1 [2020-02-14 08:30:09] ERROR "[8] Undefined index: page_id [C:\Xampp1\xampp\htdocs\Cigna\app\themes\default\_masters\page.master.php] (39)"
::1 [2020-02-14 08:30:09] ERROR "[8] Undefined index: page_id [C:\Xampp1\xampp\htdocs\Cigna\app\themes\default\_masters\page.master.php] (70)"
