::1 [2020-02-05 02:20:23] ERROR "Call to undefined method Project\Support\Iterators\TreeNodesIterator::getName() [C:\Xampp1\xampp\htdocs\USSA\app\Project\Support\MenuFactory.php] (153)"
::1 [2020-02-05 02:20:51] ERROR "Call to undefined method Project\Support\Iterators\TreeNodesIterator::getName() [C:\Xampp1\xampp\htdocs\USSA\app\Project\Support\MenuFactory.php] (153)"
::1 [2020-02-05 03:36:09] ERROR "syntax error, unexpected '}' [C:\Xampp1\xampp\htdocs\USSA\app\themes\default\_masters\welcome.master.php] (103)"
::1 [2020-02-05 03:41:42] ERROR "syntax error, unexpected '*' [C:\Xampp1\xampp\htdocs\USSA\app\themes\default\_masters\welcome.master.php] (97)"
::1 [2020-02-05 04:02:41] ERROR "[2] file_put_contents(/tmp\se_1580897021_bff51c848f3465cc29c00aa2e9ef2bf6): failed to open stream: No such file or directory [C:\Xampp1\xampp\htdocs\USSA\app\vendor\wingsline\storyengine\src\StoryEngine\Cache\File.php] (128)"
::1 [2020-02-05 04:03:13] ERROR "[2] file_put_contents(/tmp\se_1580897053_bff51c848f3465cc29c00aa2e9ef2bf6): failed to open stream: No such file or directory [C:\Xampp1\xampp\htdocs\USSA\app\vendor\wingsline\storyengine\src\StoryEngine\Cache\File.php] (128)"
::1 [2020-02-05 04:04:17] ERROR "[2] file_put_contents(/tmp\se_1580897117_bff51c848f3465cc29c00aa2e9ef2bf6): failed to open stream: No such file or directory [C:\Xampp1\xampp\htdocs\USSA\app\vendor\wingsline\storyengine\src\StoryEngine\Cache\File.php] (128)"
::1 [2020-02-05 04:05:37] ERROR "[2] file_put_contents(/tmp\se_1580897197_bff51c848f3465cc29c00aa2e9ef2bf6): failed to open stream: No such file or directory [C:\Xampp1\xampp\htdocs\USSA\app\vendor\wingsline\storyengine\src\StoryEngine\Cache\File.php] (128)"
::1 [2020-02-05 04:08:59] ERROR "[2] file_put_contents(/tmp\se_1580897399_bff51c848f3465cc29c00aa2e9ef2bf6): failed to open stream: No such file or directory [C:\Xampp1\xampp\htdocs\USSA\app\vendor\wingsline\storyengine\src\StoryEngine\Cache\File.php] (128)"
::1 [2020-02-05 04:17:33] ERROR "[2] file_put_contents(/tmp\se_1580897913_bff51c848f3465cc29c00aa2e9ef2bf6): failed to open stream: No such file or directory [C:\Xampp1\xampp\htdocs\USSA\app\vendor\wingsline\storyengine\src\StoryEngine\Cache\File.php] (128)"
::1 [2020-02-05 04:19:57] ERROR "[2] file_put_contents(/tmp\se_1580898057_bff51c848f3465cc29c00aa2e9ef2bf6): failed to open stream: No such file or directory [C:\Xampp1\xampp\htdocs\USSA\app\vendor\wingsline\storyengine\src\StoryEngine\Cache\File.php] (128)"
::1 [2020-02-05 04:20:22] ERROR "[2] file_put_contents(/tmp\se_1580898082_bff51c848f3465cc29c00aa2e9ef2bf6): failed to open stream: No such file or directory [C:\Xampp1\xampp\htdocs\USSA\app\vendor\wingsline\storyengine\src\StoryEngine\Cache\File.php] (128)"
::1 [2020-02-05 04:21:01] ERROR "[2] file_put_contents(/tmp\se_1580898121_bff51c848f3465cc29c00aa2e9ef2bf6): failed to open stream: No such file or directory [C:\Xampp1\xampp\htdocs\USSA\app\vendor\wingsline\storyengine\src\StoryEngine\Cache\File.php] (128)"
::1 [2020-02-05 04:21:01] ERROR "syntax error, unexpected end of file [C:\Xampp1\xampp\htdocs\USSA\app\vendor\wingsline\storyengine\src\StoryEngine\PhpParser.php(187) : eval()'d code] (34)"
::1 [2020-02-05 04:21:08] ERROR "[2] file_put_contents(/tmp\se_1580898128_bff51c848f3465cc29c00aa2e9ef2bf6): failed to open stream: No such file or directory [C:\Xampp1\xampp\htdocs\USSA\app\vendor\wingsline\storyengine\src\StoryEngine\Cache\File.php] (128)"
::1 [2020-02-05 04:21:08] ERROR "syntax error, unexpected end of file [C:\Xampp1\xampp\htdocs\USSA\app\vendor\wingsline\storyengine\src\StoryEngine\PhpParser.php(187) : eval()'d code] (34)"
::1 [2020-02-05 04:21:35] ERROR "[2] file_put_contents(/tmp\se_1580898155_bff51c848f3465cc29c00aa2e9ef2bf6): failed to open stream: No such file or directory [C:\Xampp1\xampp\htdocs\USSA\app\vendor\wingsline\storyengine\src\StoryEngine\Cache\File.php] (128)"
::1 [2020-02-05 04:21:50] ERROR "[2] file_put_contents(/tmp\se_1580898170_bff51c848f3465cc29c00aa2e9ef2bf6): failed to open stream: No such file or directory [C:\Xampp1\xampp\htdocs\USSA\app\vendor\wingsline\storyengine\src\StoryEngine\Cache\File.php] (128)"
::1 [2020-02-05 04:22:41] ERROR "[2] file_put_contents(/tmp\se_1580898221_bff51c848f3465cc29c00aa2e9ef2bf6): failed to open stream: No such file or directory [C:\Xampp1\xampp\htdocs\USSA\app\vendor\wingsline\storyengine\src\StoryEngine\Cache\File.php] (128)"
::1 [2020-02-05 04:22:47] ERROR "[2] file_put_contents(/tmp\se_1580898227_bff51c848f3465cc29c00aa2e9ef2bf6): failed to open stream: No such file or directory [C:\Xampp1\xampp\htdocs\USSA\app\vendor\wingsline\storyengine\src\StoryEngine\Cache\File.php] (128)"
::1 [2020-02-05 04:24:17] ERROR "[2] file_put_contents(/tmp\se_1580898317_bff51c848f3465cc29c00aa2e9ef2bf6): failed to open stream: No such file or directory [C:\Xampp1\xampp\htdocs\USSA\app\vendor\wingsline\storyengine\src\StoryEngine\Cache\File.php] (128)"
::1 [2020-02-05 04:25:33] ERROR "Cannot use object of type Story\Collection as array [C:\Xampp1\xampp\htdocs\USSA\app\vendor\wingsline\storyengine\src\StoryEngine\PhpParser.php(187) : eval()'d code] (14)"
::1 [2020-02-05 04:28:20] ERROR "[2] file_put_contents(/tmp\se_1580898560_bff51c848f3465cc29c00aa2e9ef2bf6): failed to open stream: No such file or directory [C:\Xampp1\xampp\htdocs\USSA\app\vendor\wingsline\storyengine\src\StoryEngine\Cache\File.php] (128)"
::1 [2020-02-05 04:29:58] ERROR "[2] file_put_contents(/tmp\se_1580898658_bff51c848f3465cc29c00aa2e9ef2bf6): failed to open stream: No such file or directory [C:\Xampp1\xampp\htdocs\USSA\app\vendor\wingsline\storyengine\src\StoryEngine\Cache\File.php] (128)"
::1 [2020-02-05 04:36:28] ERROR "[2] file_put_contents(/tmp\se_1580899048_bff51c848f3465cc29c00aa2e9ef2bf6): failed to open stream: No such file or directory [C:\Xampp1\xampp\htdocs\USSA\app\vendor\wingsline\storyengine\src\StoryEngine\Cache\File.php] (128)"
::1 [2020-02-05 04:45:34] ERROR "[2] file_put_contents(/tmp\se_1580899594_bff51c848f3465cc29c00aa2e9ef2bf6): failed to open stream: No such file or directory [C:\Xampp1\xampp\htdocs\USSA\app\vendor\wingsline\storyengine\src\StoryEngine\Cache\File.php] (128)"
::1 [2020-02-05 04:46:49] ERROR "[2] file_put_contents(/tmp\se_1580899669_bff51c848f3465cc29c00aa2e9ef2bf6): failed to open stream: No such file or directory [C:\Xampp1\xampp\htdocs\USSA\app\vendor\wingsline\storyengine\src\StoryEngine\Cache\File.php] (128)"
::1 [2020-02-05 04:47:22] ERROR "[2] file_put_contents(/tmp\se_1580899702_bff51c848f3465cc29c00aa2e9ef2bf6): failed to open stream: No such file or directory [C:\Xampp1\xampp\htdocs\USSA\app\vendor\wingsline\storyengine\src\StoryEngine\Cache\File.php] (128)"
::1 [2020-02-05 04:54:37] ERROR "[2] file_put_contents(/tmp\se_1580900137_bff51c848f3465cc29c00aa2e9ef2bf6): failed to open stream: No such file or directory [C:\Xampp1\xampp\htdocs\USSA\app\vendor\wingsline\storyengine\src\StoryEngine\Cache\File.php] (128)"
::1 [2020-02-05 04:55:53] ERROR "[2] file_put_contents(/tmp\se_1580900213_bff51c848f3465cc29c00aa2e9ef2bf6): failed to open stream: No such file or directory [C:\Xampp1\xampp\htdocs\USSA\app\vendor\wingsline\storyengine\src\StoryEngine\Cache\File.php] (128)"
::1 [2020-02-05 04:57:37] ERROR "syntax error, unexpected '$attributes' (T_VARIABLE), expecting '(' [C:\Xampp1\xampp\htdocs\USSA\app\vendor\wingsline\storyframework\src\Story\HTML.php] (52)"
::1 [2020-02-05 04:58:47] ERROR "[2] file_put_contents(/tmp\se_1580900387_bff51c848f3465cc29c00aa2e9ef2bf6): failed to open stream: No such file or directory [C:\Xampp1\xampp\htdocs\USSA\app\vendor\wingsline\storyengine\src\StoryEngine\Cache\File.php] (128)"
::1 [2020-02-05 05:07:40] ERROR "[2] file_put_contents(/tmp\se_1580900920_bff51c848f3465cc29c00aa2e9ef2bf6): failed to open stream: No such file or directory [C:\Xampp1\xampp\htdocs\USSA\app\vendor\wingsline\storyengine\src\StoryEngine\Cache\File.php] (128)"
::1 [2020-02-05 05:08:13] ERROR "[2] file_put_contents(/tmp\se_1580900953_bff51c848f3465cc29c00aa2e9ef2bf6): failed to open stream: No such file or directory [C:\Xampp1\xampp\htdocs\USSA\app\vendor\wingsline\storyengine\src\StoryEngine\Cache\File.php] (128)"
::1 [2020-02-05 05:08:43] ERROR "[2] file_put_contents(/tmp\se_1580900983_bff51c848f3465cc29c00aa2e9ef2bf6): failed to open stream: No such file or directory [C:\Xampp1\xampp\htdocs\USSA\app\vendor\wingsline\storyengine\src\StoryEngine\Cache\File.php] (128)"
::1 [2020-02-05 05:09:34] ERROR "[2] file_put_contents(/tmp\se_1580901034_bff51c848f3465cc29c00aa2e9ef2bf6): failed to open stream: No such file or directory [C:\Xampp1\xampp\htdocs\USSA\app\vendor\wingsline\storyengine\src\StoryEngine\Cache\File.php] (128)"
::1 [2020-02-05 05:10:12] ERROR "syntax error, unexpected ')' [C:\Xampp1\xampp\htdocs\USSA\app\vendor\wingsline\storyframework\src\Story\HTML.php] (55)"
::1 [2020-02-05 05:14:02] ERROR "[2] file_put_contents(/tmp\se_1580901302_bff51c848f3465cc29c00aa2e9ef2bf6): failed to open stream: No such file or directory [C:\Xampp1\xampp\htdocs\USSA\app\vendor\wingsline\storyengine\src\StoryEngine\Cache\File.php] (128)"
::1 [2020-02-05 05:14:38] ERROR "[2] file_put_contents(/tmp\se_1580901338_bff51c848f3465cc29c00aa2e9ef2bf6): failed to open stream: No such file or directory [C:\Xampp1\xampp\htdocs\USSA\app\vendor\wingsline\storyengine\src\StoryEngine\Cache\File.php] (128)"
::1 [2020-02-05 05:14:43] ERROR "[2] file_put_contents(/tmp\se_1580901343_bff51c848f3465cc29c00aa2e9ef2bf6): failed to open stream: No such file or directory [C:\Xampp1\xampp\htdocs\USSA\app\vendor\wingsline\storyengine\src\StoryEngine\Cache\File.php] (128)"
::1 [2020-02-05 05:15:29] ERROR "[2] file_put_contents(/tmp\se_1580901389_bff51c848f3465cc29c00aa2e9ef2bf6): failed to open stream: No such file or directory [C:\Xampp1\xampp\htdocs\USSA\app\vendor\wingsline\storyengine\src\StoryEngine\Cache\File.php] (128)"
::1 [2020-02-05 05:17:37] ERROR "[2] file_put_contents(/tmp\se_1580901517_bff51c848f3465cc29c00aa2e9ef2bf6): failed to open stream: No such file or directory [C:\Xampp1\xampp\htdocs\USSA\app\vendor\wingsline\storyengine\src\StoryEngine\Cache\File.php] (128)"
::1 [2020-02-05 05:17:40] ERROR "[2] file_put_contents(/tmp\se_1580901520_bff51c848f3465cc29c00aa2e9ef2bf6): failed to open stream: No such file or directory [C:\Xampp1\xampp\htdocs\USSA\app\vendor\wingsline\storyengine\src\StoryEngine\Cache\File.php] (128)"
::1 [2020-02-05 05:21:26] ERROR "[2] file_put_contents(/tmp\se_1580901746_bff51c848f3465cc29c00aa2e9ef2bf6): failed to open stream: No such file or directory [C:\Xampp1\xampp\htdocs\USSA\app\vendor\wingsline\storyengine\src\StoryEngine\Cache\File.php] (128)"
::1 [2020-02-05 05:59:14] ERROR "syntax error, unexpected ')' [C:\Xampp1\xampp\htdocs\USSA\app\themes\default\issues\sections.php] (66)"
159.113.200.5 [2020-02-05 07:04:30] ERROR "SQLSTATE[42S02]: Base table or view not found: 1146 Table 'laurelre_site-production.menusv1' doesn't exist [/home/laurelre/qua.laurelreview.org.laurelreview.org/app/vendor/wingsline/storyframework/src/Story/DB.php] (167)"
