::1 [2020-02-17 03:20:25] ERROR "[8] Undefined index: page_id [C:\Xampp1\xampp\htdocs\Cigna\app\themes\default\_masters\page.master.php] (39)"
::1 [2020-02-17 03:20:25] ERROR "[8] Undefined index: page_id [C:\Xampp1\xampp\htdocs\Cigna\app\themes\default\_masters\page.master.php] (70)"
::1 [2020-02-17 03:20:25] ERROR "[8] Undefined property: Story\View::$main_page_content [C:\Xampp1\xampp\htdocs\Cigna\app\themes\default\_masters\page.master.php] (39)"
::1 [2020-02-17 03:20:25] ERROR "[8] Trying to get property of non-object [C:\Xampp1\xampp\htdocs\Cigna\app\themes\default\_masters\page.master.php] (39)"
::1 [2020-02-17 03:20:25] ERROR "[8] Undefined property: Story\View::$main_page_content [C:\Xampp1\xampp\htdocs\Cigna\app\themes\default\_masters\page.master.php] (70)"
::1 [2020-02-17 03:20:25] ERROR "[8] Trying to get property of non-object [C:\Xampp1\xampp\htdocs\Cigna\app\themes\default\_masters\page.master.php] (70)"
::1 [2020-02-17 03:20:26] ERROR "[8] Undefined index: page_id [C:\Xampp1\xampp\htdocs\Cigna\app\themes\default\_masters\page.master.php] (39)"
::1 [2020-02-17 03:20:26] ERROR "[8] Undefined index: page_id [C:\Xampp1\xampp\htdocs\Cigna\app\themes\default\_masters\page.master.php] (70)"
::1 [2020-02-17 03:22:15] ERROR "[8] Undefined index: page_id [C:\Xampp1\xampp\htdocs\Cigna\app\themes\default\_masters\page.master.php] (39)"
::1 [2020-02-17 03:22:15] ERROR "[8] Undefined index: page_id [C:\Xampp1\xampp\htdocs\Cigna\app\themes\default\_masters\page.master.php] (70)"
::1 [2020-02-17 03:22:23] ERROR "[8] Undefined index: page_id [C:\Xampp1\xampp\htdocs\Cigna\app\themes\default\_masters\page.master.php] (39)"
::1 [2020-02-17 03:22:23] ERROR "[8] Undefined index: page_id [C:\Xampp1\xampp\htdocs\Cigna\app\themes\default\_masters\page.master.php] (70)"
::1 [2020-02-17 03:22:47] ERROR "[8] Trying to get property of non-object [C:\Xampp1\xampp\htdocs\Cigna\app\themes\default\_masters\page.master.php] (39)"
::1 [2020-02-17 03:22:47] ERROR "[8] Trying to get property of non-object [C:\Xampp1\xampp\htdocs\Cigna\app\themes\default\_masters\page.master.php] (70)"
::1 [2020-02-17 03:22:52] ERROR "[8] Undefined property: Story\View::$main_page_content [C:\Xampp1\xampp\htdocs\Cigna\app\themes\default\_masters\page.master.php] (39)"
::1 [2020-02-17 03:22:52] ERROR "[8] Trying to get property of non-object [C:\Xampp1\xampp\htdocs\Cigna\app\themes\default\_masters\page.master.php] (39)"
::1 [2020-02-17 03:22:52] ERROR "[8] Undefined property: Story\View::$main_page_content [C:\Xampp1\xampp\htdocs\Cigna\app\themes\default\_masters\page.master.php] (70)"
::1 [2020-02-17 03:22:52] ERROR "[8] Trying to get property of non-object [C:\Xampp1\xampp\htdocs\Cigna\app\themes\default\_masters\page.master.php] (70)"
::1 [2020-02-17 03:23:00] ERROR "[8] Undefined property: Story\View::$main_page_content [C:\Xampp1\xampp\htdocs\Cigna\app\themes\default\_masters\page.master.php] (39)"
::1 [2020-02-17 03:23:00] ERROR "[8] Trying to get property of non-object [C:\Xampp1\xampp\htdocs\Cigna\app\themes\default\_masters\page.master.php] (39)"
::1 [2020-02-17 03:23:00] ERROR "[8] Undefined property: Story\View::$main_page_content [C:\Xampp1\xampp\htdocs\Cigna\app\themes\default\_masters\page.master.php] (70)"
::1 [2020-02-17 03:23:00] ERROR "[8] Trying to get property of non-object [C:\Xampp1\xampp\htdocs\Cigna\app\themes\default\_masters\page.master.php] (70)"
::1 [2020-02-17 03:24:38] ERROR "[8] Undefined property: Story\View::$main_page_content [C:\Xampp1\xampp\htdocs\Cigna\app\themes\default\_masters\page.master.php] (39)"
::1 [2020-02-17 03:24:38] ERROR "[8] Trying to get property of non-object [C:\Xampp1\xampp\htdocs\Cigna\app\themes\default\_masters\page.master.php] (39)"
::1 [2020-02-17 03:24:38] ERROR "[8] Undefined property: Story\View::$main_page_content [C:\Xampp1\xampp\htdocs\Cigna\app\themes\default\_masters\page.master.php] (70)"
::1 [2020-02-17 03:24:38] ERROR "[8] Trying to get property of non-object [C:\Xampp1\xampp\htdocs\Cigna\app\themes\default\_masters\page.master.php] (70)"
::1 [2020-02-17 03:25:16] ERROR "[8] Undefined property: Story\View::$main_page_content [C:\Xampp1\xampp\htdocs\Cigna\app\themes\default\_masters\page.master.php] (39)"
::1 [2020-02-17 03:25:16] ERROR "[8] Trying to get property of non-object [C:\Xampp1\xampp\htdocs\Cigna\app\themes\default\_masters\page.master.php] (39)"
::1 [2020-02-17 03:25:16] ERROR "[8] Undefined property: Story\View::$main_page_content [C:\Xampp1\xampp\htdocs\Cigna\app\themes\default\_masters\page.master.php] (70)"
::1 [2020-02-17 03:25:16] ERROR "[8] Trying to get property of non-object [C:\Xampp1\xampp\htdocs\Cigna\app\themes\default\_masters\page.master.php] (70)"
::1 [2020-02-17 03:29:34] ERROR "[8] Undefined property: Story\View::$main_page_content [C:\Xampp1\xampp\htdocs\Cigna\app\themes\default\_masters\page.master.php] (39)"
::1 [2020-02-17 03:29:34] ERROR "[8] Trying to get property of non-object [C:\Xampp1\xampp\htdocs\Cigna\app\themes\default\_masters\page.master.php] (39)"
::1 [2020-02-17 03:29:34] ERROR "[8] Undefined property: Story\View::$main_page_content [C:\Xampp1\xampp\htdocs\Cigna\app\themes\default\_masters\page.master.php] (70)"
::1 [2020-02-17 03:29:34] ERROR "[8] Trying to get property of non-object [C:\Xampp1\xampp\htdocs\Cigna\app\themes\default\_masters\page.master.php] (70)"
::1 [2020-02-17 03:30:53] ERROR "[8] Undefined property: Story\View::$main_page_content [C:\Xampp1\xampp\htdocs\Cigna\app\themes\default\_masters\page.master.php] (39)"
::1 [2020-02-17 03:30:53] ERROR "[8] Trying to get property of non-object [C:\Xampp1\xampp\htdocs\Cigna\app\themes\default\_masters\page.master.php] (39)"
::1 [2020-02-17 03:30:53] ERROR "[8] Undefined property: Story\View::$main_page_content [C:\Xampp1\xampp\htdocs\Cigna\app\themes\default\_masters\page.master.php] (70)"
::1 [2020-02-17 03:30:53] ERROR "[8] Trying to get property of non-object [C:\Xampp1\xampp\htdocs\Cigna\app\themes\default\_masters\page.master.php] (70)"
::1 [2020-02-17 03:35:33] ERROR "[8] Undefined property: Story\View::$main_page_content [C:\Xampp1\xampp\htdocs\Cigna\app\themes\default\_masters\page.master.php] (39)"
::1 [2020-02-17 03:35:33] ERROR "[8] Trying to get property of non-object [C:\Xampp1\xampp\htdocs\Cigna\app\themes\default\_masters\page.master.php] (39)"
::1 [2020-02-17 03:35:33] ERROR "[8] Undefined property: Story\View::$main_page_content [C:\Xampp1\xampp\htdocs\Cigna\app\themes\default\_masters\page.master.php] (70)"
::1 [2020-02-17 03:35:33] ERROR "[8] Trying to get property of non-object [C:\Xampp1\xampp\htdocs\Cigna\app\themes\default\_masters\page.master.php] (70)"
::1 [2020-02-17 03:35:42] ERROR "[8] Undefined property: Story\View::$main_page_content [C:\Xampp1\xampp\htdocs\Cigna\app\themes\default\_masters\page.master.php] (39)"
::1 [2020-02-17 03:35:42] ERROR "[8] Trying to get property of non-object [C:\Xampp1\xampp\htdocs\Cigna\app\themes\default\_masters\page.master.php] (39)"
::1 [2020-02-17 03:35:42] ERROR "[8] Undefined property: Story\View::$main_page_content [C:\Xampp1\xampp\htdocs\Cigna\app\themes\default\_masters\page.master.php] (70)"
::1 [2020-02-17 03:35:42] ERROR "[8] Trying to get property of non-object [C:\Xampp1\xampp\htdocs\Cigna\app\themes\default\_masters\page.master.php] (70)"
::1 [2020-02-17 03:36:11] ERROR "[8] Undefined property: Story\View::$main_page_content [C:\Xampp1\xampp\htdocs\Cigna\app\themes\default\_masters\page.master.php] (39)"
::1 [2020-02-17 03:36:11] ERROR "[8] Trying to get property of non-object [C:\Xampp1\xampp\htdocs\Cigna\app\themes\default\_masters\page.master.php] (39)"
::1 [2020-02-17 03:36:11] ERROR "[8] Undefined property: Story\View::$main_page_content [C:\Xampp1\xampp\htdocs\Cigna\app\themes\default\_masters\page.master.php] (70)"
::1 [2020-02-17 03:36:11] ERROR "[8] Trying to get property of non-object [C:\Xampp1\xampp\htdocs\Cigna\app\themes\default\_masters\page.master.php] (70)"
::1 [2020-02-17 03:36:16] ERROR "[8] Undefined property: Story\View::$main_page_content [C:\Xampp1\xampp\htdocs\Cigna\app\themes\default\_masters\page.master.php] (39)"
::1 [2020-02-17 03:36:16] ERROR "[8] Trying to get property of non-object [C:\Xampp1\xampp\htdocs\Cigna\app\themes\default\_masters\page.master.php] (39)"
::1 [2020-02-17 03:36:16] ERROR "[8] Undefined property: Story\View::$main_page_content [C:\Xampp1\xampp\htdocs\Cigna\app\themes\default\_masters\page.master.php] (70)"
::1 [2020-02-17 03:36:16] ERROR "[8] Trying to get property of non-object [C:\Xampp1\xampp\htdocs\Cigna\app\themes\default\_masters\page.master.php] (70)"
::1 [2020-02-17 03:38:02] ERROR "[8] Undefined property: Story\View::$main_page_content [C:\Xampp1\xampp\htdocs\Cigna\app\themes\default\_masters\page.master.php] (39)"
::1 [2020-02-17 03:38:02] ERROR "[8] Trying to get property of non-object [C:\Xampp1\xampp\htdocs\Cigna\app\themes\default\_masters\page.master.php] (39)"
::1 [2020-02-17 03:38:02] ERROR "[8] Undefined property: Story\View::$main_page_content [C:\Xampp1\xampp\htdocs\Cigna\app\themes\default\_masters\page.master.php] (70)"
::1 [2020-02-17 03:38:02] ERROR "[8] Trying to get property of non-object [C:\Xampp1\xampp\htdocs\Cigna\app\themes\default\_masters\page.master.php] (70)"
::1 [2020-02-17 03:38:08] ERROR "[8] Undefined property: Story\View::$main_page_content [C:\Xampp1\xampp\htdocs\Cigna\app\themes\default\_masters\page.master.php] (39)"
::1 [2020-02-17 03:38:08] ERROR "[8] Trying to get property of non-object [C:\Xampp1\xampp\htdocs\Cigna\app\themes\default\_masters\page.master.php] (39)"
::1 [2020-02-17 03:38:08] ERROR "[8] Undefined property: Story\View::$main_page_content [C:\Xampp1\xampp\htdocs\Cigna\app\themes\default\_masters\page.master.php] (70)"
::1 [2020-02-17 03:38:08] ERROR "[8] Trying to get property of non-object [C:\Xampp1\xampp\htdocs\Cigna\app\themes\default\_masters\page.master.php] (70)"
::1 [2020-02-17 03:38:30] ERROR "[8] Undefined property: Story\View::$main_page_content [C:\Xampp1\xampp\htdocs\Cigna\app\themes\default\_masters\page.master.php] (39)"
::1 [2020-02-17 03:38:30] ERROR "[8] Trying to get property of non-object [C:\Xampp1\xampp\htdocs\Cigna\app\themes\default\_masters\page.master.php] (39)"
::1 [2020-02-17 03:38:30] ERROR "[8] Undefined property: Story\View::$main_page_content [C:\Xampp1\xampp\htdocs\Cigna\app\themes\default\_masters\page.master.php] (70)"
::1 [2020-02-17 03:38:30] ERROR "[8] Trying to get property of non-object [C:\Xampp1\xampp\htdocs\Cigna\app\themes\default\_masters\page.master.php] (70)"
::1 [2020-02-17 03:38:35] ERROR "[8] Undefined property: Story\View::$main_page_content [C:\Xampp1\xampp\htdocs\Cigna\app\themes\default\_masters\page.master.php] (39)"
::1 [2020-02-17 03:38:35] ERROR "[8] Trying to get property of non-object [C:\Xampp1\xampp\htdocs\Cigna\app\themes\default\_masters\page.master.php] (39)"
::1 [2020-02-17 03:38:35] ERROR "[8] Undefined property: Story\View::$main_page_content [C:\Xampp1\xampp\htdocs\Cigna\app\themes\default\_masters\page.master.php] (70)"
::1 [2020-02-17 03:38:35] ERROR "[8] Trying to get property of non-object [C:\Xampp1\xampp\htdocs\Cigna\app\themes\default\_masters\page.master.php] (70)"
::1 [2020-02-17 03:40:21] ERROR "[8] Undefined property: Story\View::$main_page_content [C:\Xampp1\xampp\htdocs\Cigna\app\themes\default\_masters\page.master.php] (39)"
::1 [2020-02-17 03:40:21] ERROR "[8] Trying to get property of non-object [C:\Xampp1\xampp\htdocs\Cigna\app\themes\default\_masters\page.master.php] (39)"
::1 [2020-02-17 03:40:21] ERROR "[8] Undefined property: Story\View::$main_page_content [C:\Xampp1\xampp\htdocs\Cigna\app\themes\default\_masters\page.master.php] (70)"
::1 [2020-02-17 03:40:21] ERROR "[8] Trying to get property of non-object [C:\Xampp1\xampp\htdocs\Cigna\app\themes\default\_masters\page.master.php] (70)"
::1 [2020-02-17 03:40:25] ERROR "[8] Undefined property: Story\View::$main_page_content [C:\Xampp1\xampp\htdocs\Cigna\app\themes\default\_masters\page.master.php] (39)"
::1 [2020-02-17 03:40:25] ERROR "[8] Trying to get property of non-object [C:\Xampp1\xampp\htdocs\Cigna\app\themes\default\_masters\page.master.php] (39)"
::1 [2020-02-17 03:40:25] ERROR "[8] Undefined property: Story\View::$main_page_content [C:\Xampp1\xampp\htdocs\Cigna\app\themes\default\_masters\page.master.php] (70)"
::1 [2020-02-17 03:40:25] ERROR "[8] Trying to get property of non-object [C:\Xampp1\xampp\htdocs\Cigna\app\themes\default\_masters\page.master.php] (70)"
::1 [2020-02-17 03:42:35] ERROR "[8] Undefined property: Story\View::$main_page_content [C:\Xampp1\xampp\htdocs\Cigna\app\themes\default\_masters\page.master.php] (39)"
::1 [2020-02-17 03:42:35] ERROR "[8] Trying to get property of non-object [C:\Xampp1\xampp\htdocs\Cigna\app\themes\default\_masters\page.master.php] (39)"
::1 [2020-02-17 03:42:35] ERROR "[8] Undefined property: Story\View::$main_page_content [C:\Xampp1\xampp\htdocs\Cigna\app\themes\default\_masters\page.master.php] (70)"
::1 [2020-02-17 03:42:35] ERROR "[8] Trying to get property of non-object [C:\Xampp1\xampp\htdocs\Cigna\app\themes\default\_masters\page.master.php] (70)"
::1 [2020-02-17 03:44:06] ERROR "[8] Undefined property: Story\View::$main_page_content [C:\Xampp1\xampp\htdocs\Cigna\app\themes\default\_masters\page.master.php] (39)"
::1 [2020-02-17 03:44:06] ERROR "[8] Trying to get property of non-object [C:\Xampp1\xampp\htdocs\Cigna\app\themes\default\_masters\page.master.php] (39)"
::1 [2020-02-17 03:44:06] ERROR "[8] Undefined property: Story\View::$main_page_content [C:\Xampp1\xampp\htdocs\Cigna\app\themes\default\_masters\page.master.php] (70)"
::1 [2020-02-17 03:44:06] ERROR "[8] Trying to get property of non-object [C:\Xampp1\xampp\htdocs\Cigna\app\themes\default\_masters\page.master.php] (70)"
::1 [2020-02-17 03:44:08] ERROR "[8] Undefined property: Story\View::$main_page_content [C:\Xampp1\xampp\htdocs\Cigna\app\themes\default\_masters\page.master.php] (39)"
::1 [2020-02-17 03:44:08] ERROR "[8] Trying to get property of non-object [C:\Xampp1\xampp\htdocs\Cigna\app\themes\default\_masters\page.master.php] (39)"
::1 [2020-02-17 03:44:08] ERROR "[8] Undefined property: Story\View::$main_page_content [C:\Xampp1\xampp\htdocs\Cigna\app\themes\default\_masters\page.master.php] (70)"
::1 [2020-02-17 03:44:08] ERROR "[8] Trying to get property of non-object [C:\Xampp1\xampp\htdocs\Cigna\app\themes\default\_masters\page.master.php] (70)"
::1 [2020-02-17 03:44:13] ERROR "Class '\Project\Controllers\Admin\Podcast\Index' not found [C:\Xampp1\xampp\htdocs\Cigna\app\vendor\wingsline\storyframework\src\Story\Dispatch.php] (76)"
::1 [2020-02-17 03:45:06] ERROR "[8] Undefined property: Story\View::$main_page_content [C:\Xampp1\xampp\htdocs\Cigna\app\themes\default\_masters\page.master.php] (39)"
::1 [2020-02-17 03:45:06] ERROR "[8] Trying to get property of non-object [C:\Xampp1\xampp\htdocs\Cigna\app\themes\default\_masters\page.master.php] (39)"
::1 [2020-02-17 03:45:06] ERROR "[8] Undefined property: Story\View::$main_page_content [C:\Xampp1\xampp\htdocs\Cigna\app\themes\default\_masters\page.master.php] (70)"
::1 [2020-02-17 03:45:06] ERROR "[8] Trying to get property of non-object [C:\Xampp1\xampp\htdocs\Cigna\app\themes\default\_masters\page.master.php] (70)"
::1 [2020-02-17 03:46:32] ERROR "Call to undefined function money_format() [C:\Xampp1\xampp\htdocs\Cigna\app\themes\default\admin\subscriptions\category_items.partial.php] (23)"
::1 [2020-02-17 04:16:43] ERROR "[8] Undefined index: page_id [C:\Xampp1\xampp\htdocs\Cigna\app\themes\default\_masters\page.master.php] (39)"
::1 [2020-02-17 04:16:43] ERROR "[8] Undefined index: page_id [C:\Xampp1\xampp\htdocs\Cigna\app\themes\default\_masters\page.master.php] (70)"
::1 [2020-02-17 04:16:43] ERROR "[8] Undefined property: Story\View::$main_page_content [C:\Xampp1\xampp\htdocs\Cigna\app\themes\default\_masters\page.master.php] (39)"
::1 [2020-02-17 04:16:43] ERROR "[8] Trying to get property of non-object [C:\Xampp1\xampp\htdocs\Cigna\app\themes\default\_masters\page.master.php] (39)"
::1 [2020-02-17 04:16:43] ERROR "[8] Undefined property: Story\View::$main_page_content [C:\Xampp1\xampp\htdocs\Cigna\app\themes\default\_masters\page.master.php] (70)"
::1 [2020-02-17 04:16:43] ERROR "[8] Trying to get property of non-object [C:\Xampp1\xampp\htdocs\Cigna\app\themes\default\_masters\page.master.php] (70)"
::1 [2020-02-17 04:16:45] ERROR "[8] Undefined index: page_id [C:\Xampp1\xampp\htdocs\Cigna\app\themes\default\_masters\page.master.php] (39)"
::1 [2020-02-17 04:16:45] ERROR "[8] Undefined index: page_id [C:\Xampp1\xampp\htdocs\Cigna\app\themes\default\_masters\page.master.php] (70)"
::1 [2020-02-17 04:16:53] ERROR "[8] Undefined index: page_id [C:\Xampp1\xampp\htdocs\Cigna\app\themes\default\_masters\page.master.php] (39)"
::1 [2020-02-17 04:16:53] ERROR "[8] Undefined index: page_id [C:\Xampp1\xampp\htdocs\Cigna\app\themes\default\_masters\page.master.php] (70)"
::1 [2020-02-17 04:17:11] ERROR "[8] Trying to get property of non-object [C:\Xampp1\xampp\htdocs\Cigna\app\themes\default\_masters\page.master.php] (39)"
::1 [2020-02-17 04:17:11] ERROR "[8] Trying to get property of non-object [C:\Xampp1\xampp\htdocs\Cigna\app\themes\default\_masters\page.master.php] (70)"
::1 [2020-02-17 04:30:15] ERROR "Class '\Project\Controllers\Admin\Pages\Aboutus\Aboutus' not found [C:\Xampp1\xampp\htdocs\Cigna\app\vendor\wingsline\storyframework\src\Story\Dispatch.php] (76)"
::1 [2020-02-17 04:30:42] ERROR "Class '\Project\Controllers\Admin\Pages\Aboutus\Aboutus' not found [C:\Xampp1\xampp\htdocs\Cigna\app\vendor\wingsline\storyframework\src\Story\Dispatch.php] (76)"
::1 [2020-02-17 04:31:08] ERROR "Class '\Project\Controllers\Admin\Pages\Aboutus\Aboutus' not found [C:\Xampp1\xampp\htdocs\Cigna\app\vendor\wingsline\storyframework\src\Story\Dispatch.php] (76)"
::1 [2020-02-17 04:32:06] ERROR "Class '\Project\Controllers\Admin\Pages\Aboutus\Aboutus' not found [C:\Xampp1\xampp\htdocs\Cigna\app\vendor\wingsline\storyframework\src\Story\Dispatch.php] (76)"
::1 [2020-02-17 04:34:01] ERROR "Class '\Project\Controllers\Admin\Pages\Aboutus\Aboutus' not found [C:\Xampp1\xampp\htdocs\Cigna\app\vendor\wingsline\storyframework\src\Story\Dispatch.php] (76)"
::1 [2020-02-17 04:57:31] ERROR "Class '\Project\Controllers\Admin\Pages\Aboutus\Aboutus' not found [C:\Xampp1\xampp\htdocs\Cigna\app\vendor\wingsline\storyframework\src\Story\Dispatch.php] (76)"
::1 [2020-02-17 04:59:37] ERROR "[2] require(C:\Xampp1\xampp\htdocs\Cigna\app/themes/default/admin/about/create.php): failed to open stream: No such file or directory [C:\Xampp1\xampp\htdocs\Cigna\app\vendor\wingsline\storyframework\src\Story\View.php] (71)"
::1 [2020-02-17 04:59:37] ERROR "require(): Failed opening required 'C:\Xampp1\xampp\htdocs\Cigna\app/themes/default/admin/about/create.php' (include_path='C:\Xampp1\xampp\php\PEAR') [C:\Xampp1\xampp\htdocs\Cigna\app\vendor\wingsline\storyframework\src\Story\View.php] (71)"
::1 [2020-02-17 05:11:25] ERROR "Class 'Form' not found [C:\Xampp1\xampp\htdocs\Cigna\app\themes\default\admin\aboutus\create.php] (90)"
::1 [2020-02-17 05:13:45] ERROR "[2] printf(): Too few arguments [C:\Xampp1\xampp\htdocs\Cigna\app\themes\default\admin\aboutus\create.php] (102)"
::1 [2020-02-17 05:14:06] ERROR "[2] printf(): Too few arguments [C:\Xampp1\xampp\htdocs\Cigna\app\themes\default\admin\aboutus\create.php] (102)"
::1 [2020-02-17 05:14:32] ERROR "[2] printf(): Too few arguments [C:\Xampp1\xampp\htdocs\Cigna\app\themes\default\admin\aboutus\create.php] (102)"
::1 [2020-02-17 05:15:20] ERROR "[2] printf(): Too few arguments [C:\Xampp1\xampp\htdocs\Cigna\app\themes\default\admin\aboutus\create.php] (102)"
::1 [2020-02-17 05:15:33] ERROR "[2] printf(): Too few arguments [C:\Xampp1\xampp\htdocs\Cigna\app\themes\default\admin\aboutus\create.php] (102)"
::1 [2020-02-17 05:15:41] ERROR "[2] printf(): Too few arguments [C:\Xampp1\xampp\htdocs\Cigna\app\themes\default\admin\aboutus\create.php] (102)"
::1 [2020-02-17 05:18:12] ERROR "[2] printf(): Too few arguments [C:\Xampp1\xampp\htdocs\Cigna\app\themes\default\admin\aboutus\create.php] (102)"
::1 [2020-02-17 05:18:15] ERROR "[2] printf(): Too few arguments [C:\Xampp1\xampp\htdocs\Cigna\app\themes\default\admin\aboutus\create.php] (102)"
::1 [2020-02-17 05:19:03] ERROR "[2] printf(): Too few arguments [C:\Xampp1\xampp\htdocs\Cigna\app\themes\default\admin\aboutus\create.php] (102)"
::1 [2020-02-17 05:19:14] ERROR "[8] Undefined index: description [C:\Xampp1\xampp\htdocs\Cigna\app\Project\Support\Snippets\Validator.php] (24)"
::1 [2020-02-17 05:19:17] ERROR "[2] printf(): Too few arguments [C:\Xampp1\xampp\htdocs\Cigna\app\themes\default\admin\aboutus\create.php] (102)"
::1 [2020-02-17 05:21:08] ERROR "[2] printf(): Too few arguments [C:\Xampp1\xampp\htdocs\Cigna\app\themes\default\admin\aboutus\create.php] (102)"
::1 [2020-02-17 05:21:11] ERROR "[8] Undefined index: description [C:\Xampp1\xampp\htdocs\Cigna\app\Project\Support\Snippets\Validator.php] (24)"
::1 [2020-02-17 05:21:14] ERROR "[2] printf(): Too few arguments [C:\Xampp1\xampp\htdocs\Cigna\app\themes\default\admin\aboutus\create.php] (102)"
::1 [2020-02-17 05:21:46] ERROR "[2] printf(): Too few arguments [C:\Xampp1\xampp\htdocs\Cigna\app\themes\default\admin\aboutus\create.php] (102)"
::1 [2020-02-17 05:22:17] ERROR "[2] printf(): Too few arguments [C:\Xampp1\xampp\htdocs\Cigna\app\themes\default\admin\aboutus\create.php] (101)"
::1 [2020-02-17 05:29:32] ERROR "[8] Undefined property: Story\View::$main_page_content [C:\Xampp1\xampp\htdocs\Cigna\app\themes\default\_masters\page.master.php] (39)"
::1 [2020-02-17 05:29:32] ERROR "[8] Trying to get property of non-object [C:\Xampp1\xampp\htdocs\Cigna\app\themes\default\_masters\page.master.php] (39)"
::1 [2020-02-17 05:29:32] ERROR "[8] Undefined property: Story\View::$main_page_content [C:\Xampp1\xampp\htdocs\Cigna\app\themes\default\_masters\page.master.php] (70)"
::1 [2020-02-17 05:29:32] ERROR "[8] Trying to get property of non-object [C:\Xampp1\xampp\htdocs\Cigna\app\themes\default\_masters\page.master.php] (70)"
::1 [2020-02-17 05:30:14] ERROR "[8] Undefined index: description [C:\Xampp1\xampp\htdocs\Cigna\app\Project\Support\Snippets\Validator.php] (24)"
::1 [2020-02-17 05:39:43] ERROR "[8] Undefined index: description [C:\Xampp1\xampp\htdocs\Cigna\app\Project\Support\Snippets\Validator.php] (24)"
::1 [2020-02-17 05:46:14] ERROR "[2] printf(): Too few arguments [C:\Xampp1\xampp\htdocs\Cigna\app\themes\default\admin\aboutus\create.php] (101)"
::1 [2020-02-17 05:46:22] ERROR "[8] Undefined index: description [C:\Xampp1\xampp\htdocs\Cigna\app\Project\Support\Snippets\Validator.php] (24)"
::1 [2020-02-17 05:46:26] ERROR "[2] printf(): Too few arguments [C:\Xampp1\xampp\htdocs\Cigna\app\themes\default\admin\aboutus\create.php] (101)"
::1 [2020-02-17 05:46:45] ERROR "[2] printf(): Too few arguments [C:\Xampp1\xampp\htdocs\Cigna\app\themes\default\admin\aboutus\create.php] (101)"
::1 [2020-02-17 05:47:26] ERROR "[2] printf(): Too few arguments [C:\Xampp1\xampp\htdocs\Cigna\app\themes\default\admin\aboutus\create.php] (101)"
::1 [2020-02-17 05:52:01] ERROR "[2] printf(): Too few arguments [C:\Xampp1\xampp\htdocs\Cigna\app\themes\default\admin\aboutus\create.php] (101)"
::1 [2020-02-17 05:52:16] ERROR "[8] Undefined index: description [C:\Xampp1\xampp\htdocs\Cigna\app\Project\Support\Snippets\Validator.php] (24)"
::1 [2020-02-17 05:55:00] ERROR "[2] printf(): Too few arguments [C:\Xampp1\xampp\htdocs\Cigna\app\themes\default\admin\aboutus\create.php] (101)"
::1 [2020-02-17 06:01:27] ERROR "[2] printf(): Too few arguments [C:\Xampp1\xampp\htdocs\Cigna\app\themes\default\admin\aboutus\create.php] (108)"
::1 [2020-02-17 06:01:32] ERROR "[8] Undefined index: description [C:\Xampp1\xampp\htdocs\Cigna\app\Project\Support\Snippets\Validator.php] (24)"
::1 [2020-02-17 06:01:35] ERROR "[2] printf(): Too few arguments [C:\Xampp1\xampp\htdocs\Cigna\app\themes\default\admin\aboutus\create.php] (108)"
::1 [2020-02-17 06:01:46] ERROR "[2] printf(): Too few arguments [C:\Xampp1\xampp\htdocs\Cigna\app\themes\default\admin\aboutus\create.php] (108)"
::1 [2020-02-17 06:01:47] ERROR "[2] printf(): Too few arguments [C:\Xampp1\xampp\htdocs\Cigna\app\themes\default\admin\aboutus\create.php] (108)"
::1 [2020-02-17 06:01:48] ERROR "[2] printf(): Too few arguments [C:\Xampp1\xampp\htdocs\Cigna\app\themes\default\admin\aboutus\create.php] (108)"
::1 [2020-02-17 06:03:34] ERROR "[2] printf(): Too few arguments [C:\Xampp1\xampp\htdocs\Cigna\app\themes\default\admin\aboutus\create.php] (108)"
::1 [2020-02-17 06:03:38] ERROR "[8] Undefined index: description [C:\Xampp1\xampp\htdocs\Cigna\app\Project\Support\Snippets\Validator.php] (24)"
::1 [2020-02-17 06:03:41] ERROR "[2] printf(): Too few arguments [C:\Xampp1\xampp\htdocs\Cigna\app\themes\default\admin\aboutus\create.php] (108)"
::1 [2020-02-17 06:03:50] ERROR "[8] Undefined index: description [C:\Xampp1\xampp\htdocs\Cigna\app\Project\Support\Snippets\Validator.php] (24)"
::1 [2020-02-17 06:03:54] ERROR "[2] printf(): Too few arguments [C:\Xampp1\xampp\htdocs\Cigna\app\themes\default\admin\aboutus\create.php] (108)"
::1 [2020-02-17 06:07:32] ERROR "[2] printf(): Too few arguments [C:\Xampp1\xampp\htdocs\Cigna\app\themes\default\admin\aboutus\create.php] (108)"
::1 [2020-02-17 06:07:35] ERROR "[8] Undefined index: description [C:\Xampp1\xampp\htdocs\Cigna\app\Project\Support\Snippets\Validator.php] (24)"
::1 [2020-02-17 06:07:38] ERROR "[2] printf(): Too few arguments [C:\Xampp1\xampp\htdocs\Cigna\app\themes\default\admin\aboutus\create.php] (108)"
::1 [2020-02-17 06:07:42] ERROR "[8] Undefined index: description [C:\Xampp1\xampp\htdocs\Cigna\app\Project\Support\Snippets\Validator.php] (24)"
::1 [2020-02-17 06:07:45] ERROR "[2] printf(): Too few arguments [C:\Xampp1\xampp\htdocs\Cigna\app\themes\default\admin\aboutus\create.php] (108)"
::1 [2020-02-17 06:08:05] ERROR "[2] printf(): Too few arguments [C:\Xampp1\xampp\htdocs\Cigna\app\themes\default\admin\aboutus\create.php] (108)"
::1 [2020-02-17 06:08:08] ERROR "[8] Undefined index: description [C:\Xampp1\xampp\htdocs\Cigna\app\Project\Support\Snippets\Validator.php] (24)"
::1 [2020-02-17 06:08:10] ERROR "[2] printf(): Too few arguments [C:\Xampp1\xampp\htdocs\Cigna\app\themes\default\admin\aboutus\create.php] (108)"
::1 [2020-02-17 06:08:14] ERROR "[8] Undefined index: description [C:\Xampp1\xampp\htdocs\Cigna\app\Project\Support\Snippets\Validator.php] (24)"
::1 [2020-02-17 06:08:16] ERROR "[2] printf(): Too few arguments [C:\Xampp1\xampp\htdocs\Cigna\app\themes\default\admin\aboutus\create.php] (108)"
::1 [2020-02-17 06:08:22] ERROR "[2] printf(): Too few arguments [C:\Xampp1\xampp\htdocs\Cigna\app\themes\default\admin\aboutus\create.php] (108)"
::1 [2020-02-17 06:08:40] ERROR "[2] printf(): Too few arguments [C:\Xampp1\xampp\htdocs\Cigna\app\themes\default\admin\aboutus\create.php] (108)"
::1 [2020-02-17 06:08:43] ERROR "[2] printf(): Too few arguments [C:\Xampp1\xampp\htdocs\Cigna\app\themes\default\admin\aboutus\create.php] (108)"
::1 [2020-02-17 06:08:44] ERROR "[2] printf(): Too few arguments [C:\Xampp1\xampp\htdocs\Cigna\app\themes\default\admin\aboutus\create.php] (108)"
::1 [2020-02-17 06:08:44] ERROR "[2] printf(): Too few arguments [C:\Xampp1\xampp\htdocs\Cigna\app\themes\default\admin\aboutus\create.php] (108)"
::1 [2020-02-17 06:08:44] ERROR "[2] printf(): Too few arguments [C:\Xampp1\xampp\htdocs\Cigna\app\themes\default\admin\aboutus\create.php] (108)"
::1 [2020-02-17 06:08:44] ERROR "[2] printf(): Too few arguments [C:\Xampp1\xampp\htdocs\Cigna\app\themes\default\admin\aboutus\create.php] (108)"
::1 [2020-02-17 06:08:45] ERROR "[2] printf(): Too few arguments [C:\Xampp1\xampp\htdocs\Cigna\app\themes\default\admin\aboutus\create.php] (108)"
::1 [2020-02-17 06:08:59] ERROR "[2] printf(): Too few arguments [C:\Xampp1\xampp\htdocs\Cigna\app\themes\default\admin\aboutus\create.php] (101)"
::1 [2020-02-17 06:09:22] ERROR "[2] printf(): Too few arguments [C:\Xampp1\xampp\htdocs\Cigna\app\themes\default\admin\aboutus\create.php] (108)"
::1 [2020-02-17 06:09:43] ERROR "[2] printf(): Too few arguments [C:\Xampp1\xampp\htdocs\Cigna\app\themes\default\admin\aboutus\create.php] (108)"
::1 [2020-02-17 06:10:09] ERROR "[2] printf(): Too few arguments [C:\Xampp1\xampp\htdocs\Cigna\app\themes\default\admin\aboutus\create.php] (108)"
::1 [2020-02-17 06:10:21] ERROR "[2] printf(): Too few arguments [C:\Xampp1\xampp\htdocs\Cigna\app\themes\default\admin\aboutus\create.php] (108)"
::1 [2020-02-17 06:11:13] ERROR "[2] printf(): Too few arguments [C:\Xampp1\xampp\htdocs\Cigna\app\themes\default\admin\aboutus\create.php] (108)"
::1 [2020-02-17 06:11:53] ERROR "[8] Undefined property: Story\View::$main_page_content [C:\Xampp1\xampp\htdocs\Cigna\app\themes\default\_masters\page.master.php] (39)"
::1 [2020-02-17 06:11:53] ERROR "[8] Trying to get property of non-object [C:\Xampp1\xampp\htdocs\Cigna\app\themes\default\_masters\page.master.php] (39)"
::1 [2020-02-17 06:11:53] ERROR "[8] Undefined property: Story\View::$main_page_content [C:\Xampp1\xampp\htdocs\Cigna\app\themes\default\_masters\page.master.php] (70)"
::1 [2020-02-17 06:11:53] ERROR "[8] Trying to get property of non-object [C:\Xampp1\xampp\htdocs\Cigna\app\themes\default\_masters\page.master.php] (70)"
::1 [2020-02-17 06:13:48] ERROR "[2] printf(): Too few arguments [C:\Xampp1\xampp\htdocs\Cigna\app\themes\default\admin\aboutus\create.php] (107)"
::1 [2020-02-17 06:13:50] ERROR "[2] printf(): Too few arguments [C:\Xampp1\xampp\htdocs\Cigna\app\themes\default\admin\aboutus\create.php] (107)"
::1 [2020-02-17 06:15:12] ERROR "Class '\Project\Controllers\Admin\Pages\Aboutus\Aboutus\create' not found [C:\Xampp1\xampp\htdocs\Cigna\app\vendor\wingsline\storyframework\src\Story\Dispatch.php] (76)"
::1 [2020-02-17 06:15:35] ERROR "[2] printf(): Too few arguments [C:\Xampp1\xampp\htdocs\Cigna\app\themes\default\admin\aboutus\create.php] (107)"
::1 [2020-02-17 06:15:42] ERROR "[8] Undefined index: description [C:\Xampp1\xampp\htdocs\Cigna\app\Project\Support\Snippets\Validator.php] (24)"
::1 [2020-02-17 06:15:46] ERROR "[2] printf(): Too few arguments [C:\Xampp1\xampp\htdocs\Cigna\app\themes\default\admin\aboutus\create.php] (107)"
::1 [2020-02-17 06:20:35] ERROR "[2] printf(): Too few arguments [C:\Xampp1\xampp\htdocs\Cigna\app\themes\default\admin\aboutus\create.php] (107)"
::1 [2020-02-17 06:22:06] ERROR "[8] Undefined property: Story\View::$main_page_content [C:\Xampp1\xampp\htdocs\Cigna\app\themes\default\_masters\page.master.php] (39)"
::1 [2020-02-17 06:22:06] ERROR "[8] Trying to get property of non-object [C:\Xampp1\xampp\htdocs\Cigna\app\themes\default\_masters\page.master.php] (39)"
::1 [2020-02-17 06:22:06] ERROR "[8] Undefined property: Story\View::$main_page_content [C:\Xampp1\xampp\htdocs\Cigna\app\themes\default\_masters\page.master.php] (70)"
::1 [2020-02-17 06:22:06] ERROR "[8] Trying to get property of non-object [C:\Xampp1\xampp\htdocs\Cigna\app\themes\default\_masters\page.master.php] (70)"
::1 [2020-02-17 06:22:11] ERROR "[8] Undefined property: Story\View::$main_page_content [C:\Xampp1\xampp\htdocs\Cigna\app\themes\default\_masters\page.master.php] (39)"
::1 [2020-02-17 06:22:11] ERROR "[8] Trying to get property of non-object [C:\Xampp1\xampp\htdocs\Cigna\app\themes\default\_masters\page.master.php] (39)"
::1 [2020-02-17 06:22:11] ERROR "[8] Undefined property: Story\View::$main_page_content [C:\Xampp1\xampp\htdocs\Cigna\app\themes\default\_masters\page.master.php] (70)"
::1 [2020-02-17 06:22:11] ERROR "[8] Trying to get property of non-object [C:\Xampp1\xampp\htdocs\Cigna\app\themes\default\_masters\page.master.php] (70)"
::1 [2020-02-17 06:22:42] ERROR "[8] Undefined property: Story\View::$main_page_content [C:\Xampp1\xampp\htdocs\Cigna\app\themes\default\_masters\page.master.php] (39)"
::1 [2020-02-17 06:22:42] ERROR "[8] Trying to get property of non-object [C:\Xampp1\xampp\htdocs\Cigna\app\themes\default\_masters\page.master.php] (39)"
::1 [2020-02-17 06:22:42] ERROR "[8] Undefined property: Story\View::$main_page_content [C:\Xampp1\xampp\htdocs\Cigna\app\themes\default\_masters\page.master.php] (70)"
::1 [2020-02-17 06:22:42] ERROR "[8] Trying to get property of non-object [C:\Xampp1\xampp\htdocs\Cigna\app\themes\default\_masters\page.master.php] (70)"
::1 [2020-02-17 06:26:13] ERROR "[2] printf(): Too few arguments [C:\Xampp1\xampp\htdocs\Cigna\app\themes\default\admin\aboutus\create.php] (107)"
::1 [2020-02-17 06:26:21] ERROR "[8] Undefined index: description [C:\Xampp1\xampp\htdocs\Cigna\app\Project\Support\Snippets\Validator.php] (24)"
::1 [2020-02-17 06:26:25] ERROR "[2] printf(): Too few arguments [C:\Xampp1\xampp\htdocs\Cigna\app\themes\default\admin\aboutus\create.php] (107)"
::1 [2020-02-17 06:42:20] ERROR "SQLSTATE[42S02]: Base table or view not found: 1146 Table 'laurelre_site-production.dev_aboutus' doesn't exist [C:\Xampp1\xampp\htdocs\Cigna\app\vendor\wingsline\storyframework\src\Story\DB.php] (167)"
::1 [2020-02-17 06:44:29] ERROR "SQLSTATE[42S02]: Base table or view not found: 1146 Table 'laurelre_site-production.dev_aboutus' doesn't exist [C:\Xampp1\xampp\htdocs\Cigna\app\vendor\wingsline\storyframework\src\Story\DB.php] (167)"
::1 [2020-02-17 06:45:48] ERROR "SQLSTATE[42S02]: Base table or view not found: 1146 Table 'laurelre_site-production.dev_aboutus' doesn't exist [C:\Xampp1\xampp\htdocs\Cigna\app\vendor\wingsline\storyframework\src\Story\DB.php] (167)"
::1 [2020-02-17 06:45:50] ERROR "SQLSTATE[42S02]: Base table or view not found: 1146 Table 'laurelre_site-production.dev_aboutus' doesn't exist [C:\Xampp1\xampp\htdocs\Cigna\app\vendor\wingsline\storyframework\src\Story\DB.php] (167)"
::1 [2020-02-17 06:45:50] ERROR "SQLSTATE[42S02]: Base table or view not found: 1146 Table 'laurelre_site-production.dev_aboutus' doesn't exist [C:\Xampp1\xampp\htdocs\Cigna\app\vendor\wingsline\storyframework\src\Story\DB.php] (167)"
::1 [2020-02-17 06:45:50] ERROR "SQLSTATE[42S02]: Base table or view not found: 1146 Table 'laurelre_site-production.dev_aboutus' doesn't exist [C:\Xampp1\xampp\htdocs\Cigna\app\vendor\wingsline\storyframework\src\Story\DB.php] (167)"
::1 [2020-02-17 06:45:50] ERROR "SQLSTATE[42S02]: Base table or view not found: 1146 Table 'laurelre_site-production.dev_aboutus' doesn't exist [C:\Xampp1\xampp\htdocs\Cigna\app\vendor\wingsline\storyframework\src\Story\DB.php] (167)"
::1 [2020-02-17 06:45:50] ERROR "SQLSTATE[42S02]: Base table or view not found: 1146 Table 'laurelre_site-production.dev_aboutus' doesn't exist [C:\Xampp1\xampp\htdocs\Cigna\app\vendor\wingsline\storyframework\src\Story\DB.php] (167)"
::1 [2020-02-17 06:45:50] ERROR "SQLSTATE[42S02]: Base table or view not found: 1146 Table 'laurelre_site-production.dev_aboutus' doesn't exist [C:\Xampp1\xampp\htdocs\Cigna\app\vendor\wingsline\storyframework\src\Story\DB.php] (167)"
::1 [2020-02-17 06:45:51] ERROR "SQLSTATE[42S02]: Base table or view not found: 1146 Table 'laurelre_site-production.dev_aboutus' doesn't exist [C:\Xampp1\xampp\htdocs\Cigna\app\vendor\wingsline\storyframework\src\Story\DB.php] (167)"
::1 [2020-02-17 06:47:44] ERROR "SQLSTATE[42S02]: Base table or view not found: 1146 Table 'laurelre_site-production.dev_aboutus' doesn't exist [C:\Xampp1\xampp\htdocs\Cigna\app\vendor\wingsline\storyframework\src\Story\DB.php] (167)"
::1 [2020-02-17 06:47:47] ERROR "SQLSTATE[42S02]: Base table or view not found: 1146 Table 'laurelre_site-production.dev_aboutus' doesn't exist [C:\Xampp1\xampp\htdocs\Cigna\app\vendor\wingsline\storyframework\src\Story\DB.php] (167)"
::1 [2020-02-17 06:47:47] ERROR "SQLSTATE[42S02]: Base table or view not found: 1146 Table 'laurelre_site-production.dev_aboutus' doesn't exist [C:\Xampp1\xampp\htdocs\Cigna\app\vendor\wingsline\storyframework\src\Story\DB.php] (167)"
::1 [2020-02-17 06:47:47] ERROR "SQLSTATE[42S02]: Base table or view not found: 1146 Table 'laurelre_site-production.dev_aboutus' doesn't exist [C:\Xampp1\xampp\htdocs\Cigna\app\vendor\wingsline\storyframework\src\Story\DB.php] (167)"
::1 [2020-02-17 06:47:48] ERROR "SQLSTATE[42S02]: Base table or view not found: 1146 Table 'laurelre_site-production.dev_aboutus' doesn't exist [C:\Xampp1\xampp\htdocs\Cigna\app\vendor\wingsline\storyframework\src\Story\DB.php] (167)"
::1 [2020-02-17 06:47:48] ERROR "SQLSTATE[42S02]: Base table or view not found: 1146 Table 'laurelre_site-production.dev_aboutus' doesn't exist [C:\Xampp1\xampp\htdocs\Cigna\app\vendor\wingsline\storyframework\src\Story\DB.php] (167)"
::1 [2020-02-17 06:49:44] ERROR "SQLSTATE[42S02]: Base table or view not found: 1146 Table 'laurelre_site-production.dev_aboutus' doesn't exist [C:\Xampp1\xampp\htdocs\Cigna\app\vendor\wingsline\storyframework\src\Story\DB.php] (167)"
::1 [2020-02-17 06:54:15] ERROR "SQLSTATE[42S02]: Base table or view not found: 1146 Table 'laurelre_site-production.dev_aboutus' doesn't exist [C:\Xampp1\xampp\htdocs\Cigna\app\vendor\wingsline\storyframework\src\Story\DB.php] (167)"
::1 [2020-02-17 06:55:09] ERROR "SQLSTATE[42S02]: Base table or view not found: 1146 Table 'laurelre_site-production.dev_aboutus' doesn't exist [C:\Xampp1\xampp\htdocs\Cigna\app\vendor\wingsline\storyframework\src\Story\DB.php] (167)"
::1 [2020-02-17 06:55:45] ERROR "SQLSTATE[42S02]: Base table or view not found: 1146 Table 'laurelre_site-production.dev_aboutus' doesn't exist [C:\Xampp1\xampp\htdocs\Cigna\app\vendor\wingsline\storyframework\src\Story\DB.php] (167)"
::1 [2020-02-17 06:56:16] ERROR "SQLSTATE[42S02]: Base table or view not found: 1146 Table 'laurelre_site-production.dev_aboutus' doesn't exist [C:\Xampp1\xampp\htdocs\Cigna\app\vendor\wingsline\storyframework\src\Story\DB.php] (167)"
::1 [2020-02-17 06:56:18] ERROR "SQLSTATE[42S02]: Base table or view not found: 1146 Table 'laurelre_site-production.dev_aboutus' doesn't exist [C:\Xampp1\xampp\htdocs\Cigna\app\vendor\wingsline\storyframework\src\Story\DB.php] (167)"
::1 [2020-02-17 06:56:18] ERROR "SQLSTATE[42S02]: Base table or view not found: 1146 Table 'laurelre_site-production.dev_aboutus' doesn't exist [C:\Xampp1\xampp\htdocs\Cigna\app\vendor\wingsline\storyframework\src\Story\DB.php] (167)"
::1 [2020-02-17 06:56:18] ERROR "SQLSTATE[42S02]: Base table or view not found: 1146 Table 'laurelre_site-production.dev_aboutus' doesn't exist [C:\Xampp1\xampp\htdocs\Cigna\app\vendor\wingsline\storyframework\src\Story\DB.php] (167)"
::1 [2020-02-17 06:56:18] ERROR "SQLSTATE[42S02]: Base table or view not found: 1146 Table 'laurelre_site-production.dev_aboutus' doesn't exist [C:\Xampp1\xampp\htdocs\Cigna\app\vendor\wingsline\storyframework\src\Story\DB.php] (167)"
::1 [2020-02-17 06:56:19] ERROR "SQLSTATE[42S02]: Base table or view not found: 1146 Table 'laurelre_site-production.dev_aboutus' doesn't exist [C:\Xampp1\xampp\htdocs\Cigna\app\vendor\wingsline\storyframework\src\Story\DB.php] (167)"
::1 [2020-02-17 06:56:19] ERROR "SQLSTATE[42S02]: Base table or view not found: 1146 Table 'laurelre_site-production.dev_aboutus' doesn't exist [C:\Xampp1\xampp\htdocs\Cigna\app\vendor\wingsline\storyframework\src\Story\DB.php] (167)"
::1 [2020-02-17 06:56:19] ERROR "SQLSTATE[42S02]: Base table or view not found: 1146 Table 'laurelre_site-production.dev_aboutus' doesn't exist [C:\Xampp1\xampp\htdocs\Cigna\app\vendor\wingsline\storyframework\src\Story\DB.php] (167)"
::1 [2020-02-17 06:56:19] ERROR "SQLSTATE[42S02]: Base table or view not found: 1146 Table 'laurelre_site-production.dev_aboutus' doesn't exist [C:\Xampp1\xampp\htdocs\Cigna\app\vendor\wingsline\storyframework\src\Story\DB.php] (167)"
::1 [2020-02-17 06:58:15] ERROR "SQLSTATE[42S02]: Base table or view not found: 1146 Table 'laurelre_site-production.dev_aboutus' doesn't exist [C:\Xampp1\xampp\htdocs\Cigna\app\vendor\wingsline\storyframework\src\Story\DB.php] (167)"
::1 [2020-02-17 06:58:55] ERROR "SQLSTATE[42S02]: Base table or view not found: 1146 Table 'laurelre_site-production.dev_aboutus' doesn't exist [C:\Xampp1\xampp\htdocs\Cigna\app\vendor\wingsline\storyframework\src\Story\DB.php] (167)"
::1 [2020-02-17 07:08:10] ERROR "Project\Models\Snippet property description not found [C:\Xampp1\xampp\htdocs\Cigna\app\vendor\wingsline\storyframework\src\Story\ORM.php] (867)"
::1 [2020-02-17 07:17:33] ERROR "[8] Undefined variable: show_type [C:\Xampp1\xampp\htdocs\Cigna\app\themes\default\admin\aboutus\items.partial.php] (34)"
::1 [2020-02-17 07:18:22] ERROR "[8] Undefined variable: show_type [C:\Xampp1\xampp\htdocs\Cigna\app\themes\default\admin\aboutus\items.partial.php] (34)"
::1 [2020-02-17 07:19:50] ERROR "[8] Undefined variable: show_type [C:\Xampp1\xampp\htdocs\Cigna\app\themes\default\admin\aboutus\items.partial.php] (34)"
::1 [2020-02-17 07:21:04] ERROR "[2] printf(): Too few arguments [C:\Xampp1\xampp\htdocs\Cigna\app\themes\default\admin\aboutus\create.php] (107)"
::1 [2020-02-17 07:49:43] ERROR "Class '\Project\Controllers\Admin\Aboutus\Aboutus' not found [C:\Xampp1\xampp\htdocs\Cigna\app\vendor\wingsline\storyframework\src\Story\Dispatch.php] (76)"
::1 [2020-02-17 07:51:26] ERROR "Class '\Project\Controllers\Admin\Aboutus\Aboutus' not found [C:\Xampp1\xampp\htdocs\Cigna\app\vendor\wingsline\storyframework\src\Story\Dispatch.php] (76)"
::1 [2020-02-17 07:52:12] ERROR "Class '\Project\Controllers\Admin\Aboutus\Aboutus' not found [C:\Xampp1\xampp\htdocs\Cigna\app\vendor\wingsline\storyframework\src\Story\Dispatch.php] (76)"
::1 [2020-02-17 07:52:13] ERROR "Class '\Project\Controllers\Admin\Aboutus\Aboutus' not found [C:\Xampp1\xampp\htdocs\Cigna\app\vendor\wingsline\storyframework\src\Story\Dispatch.php] (76)"
::1 [2020-02-17 07:52:13] ERROR "Class '\Project\Controllers\Admin\Aboutus\Aboutus' not found [C:\Xampp1\xampp\htdocs\Cigna\app\vendor\wingsline\storyframework\src\Story\Dispatch.php] (76)"
::1 [2020-02-17 07:52:13] ERROR "Class '\Project\Controllers\Admin\Aboutus\Aboutus' not found [C:\Xampp1\xampp\htdocs\Cigna\app\vendor\wingsline\storyframework\src\Story\Dispatch.php] (76)"
::1 [2020-02-17 07:52:13] ERROR "Class '\Project\Controllers\Admin\Aboutus\Aboutus' not found [C:\Xampp1\xampp\htdocs\Cigna\app\vendor\wingsline\storyframework\src\Story\Dispatch.php] (76)"
::1 [2020-02-17 07:52:13] ERROR "Class '\Project\Controllers\Admin\Aboutus\Aboutus' not found [C:\Xampp1\xampp\htdocs\Cigna\app\vendor\wingsline\storyframework\src\Story\Dispatch.php] (76)"
::1 [2020-02-17 07:56:09] ERROR "Class '\Project\Controllers\Admin\Aboutus\create' not found [C:\Xampp1\xampp\htdocs\Cigna\app\vendor\wingsline\storyframework\src\Story\Dispatch.php] (76)"
::1 [2020-02-17 07:56:31] ERROR "[2] require(C:\Xampp1\xampp\htdocs\Cigna\app/themes/default/admin/pages/aboutus/create.php): failed to open stream: No such file or directory [C:\Xampp1\xampp\htdocs\Cigna\app\vendor\wingsline\storyframework\src\Story\View.php] (71)"
::1 [2020-02-17 07:56:31] ERROR "require(): Failed opening required 'C:\Xampp1\xampp\htdocs\Cigna\app/themes/default/admin/pages/aboutus/create.php' (include_path='C:\Xampp1\xampp\php\PEAR') [C:\Xampp1\xampp\htdocs\Cigna\app\vendor\wingsline\storyframework\src\Story\View.php] (71)"
::1 [2020-02-17 08:03:32] ERROR "Class '\Project\Controllers\Admin\Aboutus\edit' not found [C:\Xampp1\xampp\htdocs\Cigna\app\vendor\wingsline\storyframework\src\Story\Dispatch.php] (76)"
::1 [2020-02-17 08:05:41] ERROR "[8] Undefined property: Story\View::$main_page_content [C:\Xampp1\xampp\htdocs\Cigna\app\themes\default\_masters\page.master.php] (39)"
::1 [2020-02-17 08:05:41] ERROR "[8] Trying to get property of non-object [C:\Xampp1\xampp\htdocs\Cigna\app\themes\default\_masters\page.master.php] (39)"
::1 [2020-02-17 08:05:41] ERROR "[8] Undefined property: Story\View::$main_page_content [C:\Xampp1\xampp\htdocs\Cigna\app\themes\default\_masters\page.master.php] (70)"
::1 [2020-02-17 08:05:41] ERROR "[8] Trying to get property of non-object [C:\Xampp1\xampp\htdocs\Cigna\app\themes\default\_masters\page.master.php] (70)"
::1 [2020-02-17 08:10:01] ERROR "[8] Undefined property: Story\View::$main_page_content [C:\Xampp1\xampp\htdocs\Cigna\app\themes\default\_masters\page.master.php] (39)"
::1 [2020-02-17 08:10:01] ERROR "[8] Trying to get property of non-object [C:\Xampp1\xampp\htdocs\Cigna\app\themes\default\_masters\page.master.php] (39)"
::1 [2020-02-17 08:10:01] ERROR "[8] Undefined property: Story\View::$main_page_content [C:\Xampp1\xampp\htdocs\Cigna\app\themes\default\_masters\page.master.php] (70)"
::1 [2020-02-17 08:10:01] ERROR "[8] Trying to get property of non-object [C:\Xampp1\xampp\htdocs\Cigna\app\themes\default\_masters\page.master.php] (70)"
::1 [2020-02-17 08:10:12] ERROR "[8] Undefined property: Story\View::$main_page_content [C:\Xampp1\xampp\htdocs\Cigna\app\themes\default\_masters\page.master.php] (39)"
::1 [2020-02-17 08:10:12] ERROR "[8] Trying to get property of non-object [C:\Xampp1\xampp\htdocs\Cigna\app\themes\default\_masters\page.master.php] (39)"
::1 [2020-02-17 08:10:12] ERROR "[8] Undefined property: Story\View::$main_page_content [C:\Xampp1\xampp\htdocs\Cigna\app\themes\default\_masters\page.master.php] (70)"
::1 [2020-02-17 08:10:12] ERROR "[8] Trying to get property of non-object [C:\Xampp1\xampp\htdocs\Cigna\app\themes\default\_masters\page.master.php] (70)"
::1 [2020-02-17 08:11:40] ERROR "[8] Undefined variable: snippet [C:\Xampp1\xampp\htdocs\Cigna\app\themes\default\admin\aboutus\edit.php] (25)"
::1 [2020-02-17 08:11:40] ERROR "[8] Trying to get property of non-object [C:\Xampp1\xampp\htdocs\Cigna\app\themes\default\admin\aboutus\edit.php] (25)"
::1 [2020-02-17 08:11:40] ERROR "[8] Undefined variable: snippet [C:\Xampp1\xampp\htdocs\Cigna\app\themes\default\admin\aboutus\edit.php] (35)"
::1 [2020-02-17 08:11:40] ERROR "[8] Trying to get property of non-object [C:\Xampp1\xampp\htdocs\Cigna\app\themes\default\admin\aboutus\edit.php] (35)"
::1 [2020-02-17 08:11:40] ERROR "[8] Undefined variable: snippet [C:\Xampp1\xampp\htdocs\Cigna\app\themes\default\admin\aboutus\edit.php] (45)"
::1 [2020-02-17 08:11:40] ERROR "[8] Trying to get property of non-object [C:\Xampp1\xampp\htdocs\Cigna\app\themes\default\admin\aboutus\edit.php] (45)"
::1 [2020-02-17 08:11:40] ERROR "[8] Undefined variable: snippet [C:\Xampp1\xampp\htdocs\Cigna\app\themes\default\admin\aboutus\edit.php] (58)"
::1 [2020-02-17 08:11:40] ERROR "[8] Trying to get property of non-object [C:\Xampp1\xampp\htdocs\Cigna\app\themes\default\admin\aboutus\edit.php] (58)"
::1 [2020-02-17 08:11:40] ERROR "[8] Undefined variable: snippet [C:\Xampp1\xampp\htdocs\Cigna\app\themes\default\admin\aboutus\edit.php] (101)"
::1 [2020-02-17 08:11:40] ERROR "[8] Trying to get property of non-object [C:\Xampp1\xampp\htdocs\Cigna\app\themes\default\admin\aboutus\edit.php] (101)"
::1 [2020-02-17 08:11:40] ERROR "[8] Undefined variable: snippet [C:\Xampp1\xampp\htdocs\Cigna\app\themes\default\admin\aboutus\edit.php] (119)"
::1 [2020-02-17 08:11:40] ERROR "[8] Trying to get property of non-object [C:\Xampp1\xampp\htdocs\Cigna\app\themes\default\admin\aboutus\edit.php] (119)"
::1 [2020-02-17 08:15:47] ERROR "[8] Undefined variable: snippet [C:\Xampp1\xampp\htdocs\Cigna\app\themes\default\admin\aboutus\edit.php] (25)"
::1 [2020-02-17 08:15:47] ERROR "[8] Trying to get property of non-object [C:\Xampp1\xampp\htdocs\Cigna\app\themes\default\admin\aboutus\edit.php] (25)"
::1 [2020-02-17 08:15:47] ERROR "[8] Undefined variable: snippet [C:\Xampp1\xampp\htdocs\Cigna\app\themes\default\admin\aboutus\edit.php] (35)"
::1 [2020-02-17 08:15:47] ERROR "[8] Trying to get property of non-object [C:\Xampp1\xampp\htdocs\Cigna\app\themes\default\admin\aboutus\edit.php] (35)"
::1 [2020-02-17 08:15:47] ERROR "[8] Undefined variable: snippet [C:\Xampp1\xampp\htdocs\Cigna\app\themes\default\admin\aboutus\edit.php] (45)"
::1 [2020-02-17 08:15:47] ERROR "[8] Trying to get property of non-object [C:\Xampp1\xampp\htdocs\Cigna\app\themes\default\admin\aboutus\edit.php] (45)"
::1 [2020-02-17 08:15:47] ERROR "[8] Undefined variable: snippet [C:\Xampp1\xampp\htdocs\Cigna\app\themes\default\admin\aboutus\edit.php] (58)"
::1 [2020-02-17 08:15:47] ERROR "[8] Trying to get property of non-object [C:\Xampp1\xampp\htdocs\Cigna\app\themes\default\admin\aboutus\edit.php] (58)"
::1 [2020-02-17 08:15:47] ERROR "[8] Undefined variable: snippet [C:\Xampp1\xampp\htdocs\Cigna\app\themes\default\admin\aboutus\edit.php] (101)"
::1 [2020-02-17 08:15:47] ERROR "[8] Trying to get property of non-object [C:\Xampp1\xampp\htdocs\Cigna\app\themes\default\admin\aboutus\edit.php] (101)"
::1 [2020-02-17 08:15:47] ERROR "[8] Undefined variable: snippet [C:\Xampp1\xampp\htdocs\Cigna\app\themes\default\admin\aboutus\edit.php] (119)"
::1 [2020-02-17 08:15:47] ERROR "[8] Trying to get property of non-object [C:\Xampp1\xampp\htdocs\Cigna\app\themes\default\admin\aboutus\edit.php] (119)"
::1 [2020-02-17 08:18:08] ERROR "[8] Undefined variable: snippet [C:\Xampp1\xampp\htdocs\Cigna\app\themes\default\admin\aboutus\edit.php] (25)"
::1 [2020-02-17 08:18:08] ERROR "[8] Trying to get property of non-object [C:\Xampp1\xampp\htdocs\Cigna\app\themes\default\admin\aboutus\edit.php] (25)"
::1 [2020-02-17 08:18:08] ERROR "[8] Undefined variable: snippet [C:\Xampp1\xampp\htdocs\Cigna\app\themes\default\admin\aboutus\edit.php] (35)"
::1 [2020-02-17 08:18:08] ERROR "[8] Trying to get property of non-object [C:\Xampp1\xampp\htdocs\Cigna\app\themes\default\admin\aboutus\edit.php] (35)"
::1 [2020-02-17 08:18:08] ERROR "[8] Undefined variable: snippet [C:\Xampp1\xampp\htdocs\Cigna\app\themes\default\admin\aboutus\edit.php] (45)"
::1 [2020-02-17 08:18:08] ERROR "[8] Trying to get property of non-object [C:\Xampp1\xampp\htdocs\Cigna\app\themes\default\admin\aboutus\edit.php] (45)"
::1 [2020-02-17 08:18:08] ERROR "[8] Undefined variable: snippet [C:\Xampp1\xampp\htdocs\Cigna\app\themes\default\admin\aboutus\edit.php] (58)"
::1 [2020-02-17 08:18:08] ERROR "[8] Trying to get property of non-object [C:\Xampp1\xampp\htdocs\Cigna\app\themes\default\admin\aboutus\edit.php] (58)"
::1 [2020-02-17 08:18:08] ERROR "[8] Undefined variable: snippet [C:\Xampp1\xampp\htdocs\Cigna\app\themes\default\admin\aboutus\edit.php] (101)"
::1 [2020-02-17 08:18:08] ERROR "[8] Trying to get property of non-object [C:\Xampp1\xampp\htdocs\Cigna\app\themes\default\admin\aboutus\edit.php] (101)"
::1 [2020-02-17 08:18:08] ERROR "[8] Undefined variable: snippet [C:\Xampp1\xampp\htdocs\Cigna\app\themes\default\admin\aboutus\edit.php] (119)"
::1 [2020-02-17 08:18:08] ERROR "[8] Trying to get property of non-object [C:\Xampp1\xampp\htdocs\Cigna\app\themes\default\admin\aboutus\edit.php] (119)"
::1 [2020-02-17 08:26:51] ERROR "[8] Undefined variable: snippet [C:\Xampp1\xampp\htdocs\Cigna\app\themes\default\admin\aboutus\edit.php] (25)"
::1 [2020-02-17 08:26:51] ERROR "[8] Trying to get property of non-object [C:\Xampp1\xampp\htdocs\Cigna\app\themes\default\admin\aboutus\edit.php] (25)"
::1 [2020-02-17 08:26:51] ERROR "[8] Undefined variable: snippet [C:\Xampp1\xampp\htdocs\Cigna\app\themes\default\admin\aboutus\edit.php] (35)"
::1 [2020-02-17 08:26:51] ERROR "[8] Trying to get property of non-object [C:\Xampp1\xampp\htdocs\Cigna\app\themes\default\admin\aboutus\edit.php] (35)"
::1 [2020-02-17 08:26:51] ERROR "[8] Undefined variable: snippet [C:\Xampp1\xampp\htdocs\Cigna\app\themes\default\admin\aboutus\edit.php] (45)"
::1 [2020-02-17 08:26:51] ERROR "[8] Trying to get property of non-object [C:\Xampp1\xampp\htdocs\Cigna\app\themes\default\admin\aboutus\edit.php] (45)"
::1 [2020-02-17 08:26:51] ERROR "[8] Undefined variable: snippet [C:\Xampp1\xampp\htdocs\Cigna\app\themes\default\admin\aboutus\edit.php] (58)"
::1 [2020-02-17 08:26:51] ERROR "[8] Trying to get property of non-object [C:\Xampp1\xampp\htdocs\Cigna\app\themes\default\admin\aboutus\edit.php] (58)"
::1 [2020-02-17 08:26:51] ERROR "[8] Undefined variable: snippet [C:\Xampp1\xampp\htdocs\Cigna\app\themes\default\admin\aboutus\edit.php] (101)"
::1 [2020-02-17 08:26:51] ERROR "[8] Trying to get property of non-object [C:\Xampp1\xampp\htdocs\Cigna\app\themes\default\admin\aboutus\edit.php] (101)"
::1 [2020-02-17 08:26:51] ERROR "[8] Undefined variable: snippet [C:\Xampp1\xampp\htdocs\Cigna\app\themes\default\admin\aboutus\edit.php] (119)"
::1 [2020-02-17 08:26:51] ERROR "[8] Trying to get property of non-object [C:\Xampp1\xampp\htdocs\Cigna\app\themes\default\admin\aboutus\edit.php] (119)"
::1 [2020-02-17 08:27:22] ERROR "[8] Undefined variable: snippet [C:\Xampp1\xampp\htdocs\Cigna\app\themes\default\admin\aboutus\edit.php] (25)"
::1 [2020-02-17 08:27:22] ERROR "[8] Trying to get property of non-object [C:\Xampp1\xampp\htdocs\Cigna\app\themes\default\admin\aboutus\edit.php] (25)"
::1 [2020-02-17 08:27:22] ERROR "[8] Undefined variable: snippet [C:\Xampp1\xampp\htdocs\Cigna\app\themes\default\admin\aboutus\edit.php] (35)"
::1 [2020-02-17 08:27:22] ERROR "[8] Trying to get property of non-object [C:\Xampp1\xampp\htdocs\Cigna\app\themes\default\admin\aboutus\edit.php] (35)"
::1 [2020-02-17 08:27:22] ERROR "[8] Undefined variable: snippet [C:\Xampp1\xampp\htdocs\Cigna\app\themes\default\admin\aboutus\edit.php] (45)"
::1 [2020-02-17 08:27:22] ERROR "[8] Trying to get property of non-object [C:\Xampp1\xampp\htdocs\Cigna\app\themes\default\admin\aboutus\edit.php] (45)"
::1 [2020-02-17 08:27:22] ERROR "[8] Undefined variable: snippet [C:\Xampp1\xampp\htdocs\Cigna\app\themes\default\admin\aboutus\edit.php] (58)"
::1 [2020-02-17 08:27:22] ERROR "[8] Trying to get property of non-object [C:\Xampp1\xampp\htdocs\Cigna\app\themes\default\admin\aboutus\edit.php] (58)"
::1 [2020-02-17 08:27:22] ERROR "[8] Undefined variable: snippet [C:\Xampp1\xampp\htdocs\Cigna\app\themes\default\admin\aboutus\edit.php] (101)"
::1 [2020-02-17 08:27:22] ERROR "[8] Trying to get property of non-object [C:\Xampp1\xampp\htdocs\Cigna\app\themes\default\admin\aboutus\edit.php] (101)"
::1 [2020-02-17 08:27:22] ERROR "[8] Undefined variable: snippet [C:\Xampp1\xampp\htdocs\Cigna\app\themes\default\admin\aboutus\edit.php] (119)"
::1 [2020-02-17 08:27:22] ERROR "[8] Trying to get property of non-object [C:\Xampp1\xampp\htdocs\Cigna\app\themes\default\admin\aboutus\edit.php] (119)"
::1 [2020-02-17 08:28:11] ERROR "Class 'Project\Controllers\Admin\Aboutus\Snippet' not found [C:\Xampp1\xampp\htdocs\Cigna\app\Project\Controllers\Admin\Aboutus\Edit.php] (92)"
::1 [2020-02-17 08:47:05] ERROR "Class '\Project\Controllers\Admin\Pages\Podcast' not found [C:\Xampp1\xampp\htdocs\Cigna\app\vendor\wingsline\storyframework\src\Story\Dispatch.php] (76)"
::1 [2020-02-17 08:56:15] ERROR "Class 'Project\Controllers\Admin\Pages\Snippet' not found [C:\Xampp1\xampp\htdocs\Cigna\app\Project\Controllers\Admin\Pages\Podcast.php] (85)"
::1 [2020-02-17 08:59:45] ERROR "Class 'Project\Controllers\Admin\Pages\Snippet' not found [C:\Xampp1\xampp\htdocs\Cigna\app\Project\Controllers\Admin\Pages\Podcast.php] (155)"
::1 [2020-02-17 09:00:52] ERROR "Class 'Project\Controllers\Admin\Pages\Snippet' not found [C:\Xampp1\xampp\htdocs\Cigna\app\Project\Controllers\Admin\Pages\Podcast.php] (183)"
::1 [2020-02-17 09:02:37] ERROR "[4096] Argument 2 passed to Project\Support\Snippets\Validator::update() must be an instance of Project\Models\Snippet, instance of Project\Models\Podcasts given, called in C:\Xampp1\xampp\htdocs\Cigna\app\Project\Models\Podcasts.php on line 428 and defined [C:\Xampp1\xampp\htdocs\Cigna\app\Project\Support\Snippets\Validator.php] (65)"
::1 [2020-02-17 09:02:37] ERROR "[2] Cannot modify header information - headers already sent by (output started at C:\Xampp1\xampp\htdocs\Cigna\app\vendor\wingsline\storyframework\src\Story\Error.php:145) [C:\Xampp1\xampp\htdocs\Cigna\app\vendor\wingsline\storyframework\src\Story\helpers.php] (432)"
::1 [2020-02-17 09:03:39] ERROR "[4096] Argument 2 passed to Project\Support\Snippets\Validator::update() must be an instance of Project\Models\Snippet, instance of Project\Models\Podcasts given, called in C:\Xampp1\xampp\htdocs\Cigna\app\Project\Models\Podcasts.php on line 428 and defined [C:\Xampp1\xampp\htdocs\Cigna\app\Project\Support\Snippets\Validator.php] (65)"
::1 [2020-02-17 09:03:39] ERROR "[2] Cannot modify header information - headers already sent by (output started at C:\Xampp1\xampp\htdocs\Cigna\app\vendor\wingsline\storyframework\src\Story\Error.php:145) [C:\Xampp1\xampp\htdocs\Cigna\app\vendor\wingsline\storyframework\src\Story\helpers.php] (432)"
::1 [2020-02-17 09:04:21] ERROR "[4096] Argument 2 passed to Project\Support\Snippets\Validator::update() must be an instance of Project\Models\Snippet, instance of Project\Models\Podcasts given, called in C:\Xampp1\xampp\htdocs\Cigna\app\Project\Models\Podcasts.php on line 428 and defined [C:\Xampp1\xampp\htdocs\Cigna\app\Project\Support\Snippets\Validator.php] (65)"
::1 [2020-02-17 09:04:21] ERROR "[2] Cannot modify header information - headers already sent by (output started at C:\Xampp1\xampp\htdocs\Cigna\app\vendor\wingsline\storyframework\src\Story\Error.php:145) [C:\Xampp1\xampp\htdocs\Cigna\app\vendor\wingsline\storyframework\src\Story\helpers.php] (432)"
::1 [2020-02-17 09:05:49] ERROR "[4096] Argument 2 passed to Project\Support\Snippets\Validator::update() must be an instance of Project\Models\Snippet, instance of Project\Models\Podcasts given, called in C:\Xampp1\xampp\htdocs\Cigna\app\Project\Models\Podcasts.php on line 428 and defined [C:\Xampp1\xampp\htdocs\Cigna\app\Project\Support\Snippets\Validator.php] (65)"
::1 [2020-02-17 09:05:49] ERROR "[2] Cannot modify header information - headers already sent by (output started at C:\Xampp1\xampp\htdocs\Cigna\app\vendor\wingsline\storyframework\src\Story\Error.php:145) [C:\Xampp1\xampp\htdocs\Cigna\app\vendor\wingsline\storyframework\src\Story\helpers.php] (432)"
::1 [2020-02-17 09:06:06] ERROR "[4096] Argument 2 passed to Project\Support\Snippets\Validator::update() must be an instance of Project\Models\Snippet, instance of Project\Models\Podcasts given, called in C:\Xampp1\xampp\htdocs\Cigna\app\Project\Models\Podcasts.php on line 428 and defined [C:\Xampp1\xampp\htdocs\Cigna\app\Project\Support\Snippets\Validator.php] (65)"
::1 [2020-02-17 09:06:06] ERROR "[2] Cannot modify header information - headers already sent by (output started at C:\Xampp1\xampp\htdocs\Cigna\app\vendor\wingsline\storyframework\src\Story\Error.php:145) [C:\Xampp1\xampp\htdocs\Cigna\app\vendor\wingsline\storyframework\src\Story\helpers.php] (432)"
::1 [2020-02-17 09:06:25] ERROR "[4096] Argument 2 passed to Project\Support\Snippets\Validator::update() must be an instance of Project\Models\Snippet, instance of Project\Models\Podcasts given, called in C:\Xampp1\xampp\htdocs\Cigna\app\Project\Models\Podcasts.php on line 428 and defined [C:\Xampp1\xampp\htdocs\Cigna\app\Project\Support\Snippets\Validator.php] (65)"
::1 [2020-02-17 09:06:25] ERROR "[2] Cannot modify header information - headers already sent by (output started at C:\Xampp1\xampp\htdocs\Cigna\app\vendor\wingsline\storyframework\src\Story\Error.php:145) [C:\Xampp1\xampp\htdocs\Cigna\app\vendor\wingsline\storyframework\src\Story\helpers.php] (432)"
::1 [2020-02-17 09:07:49] ERROR "Class 'Project\Controllers\Admin\Pages\Snippet' not found [C:\Xampp1\xampp\htdocs\Cigna\app\Project\Controllers\Admin\Pages\Podcast.php] (183)"
::1 [2020-02-17 09:08:14] ERROR "[4096] Argument 2 passed to Project\Support\Snippets\Validator::update() must be an instance of Project\Models\Snippet, instance of Project\Models\Podcasts given, called in C:\Xampp1\xampp\htdocs\Cigna\app\Project\Models\Podcasts.php on line 428 and defined [C:\Xampp1\xampp\htdocs\Cigna\app\Project\Support\Snippets\Validator.php] (65)"
::1 [2020-02-17 09:08:14] ERROR "[2] Cannot modify header information - headers already sent by (output started at C:\Xampp1\xampp\htdocs\Cigna\app\vendor\wingsline\storyframework\src\Story\Error.php:145) [C:\Xampp1\xampp\htdocs\Cigna\app\vendor\wingsline\storyframework\src\Story\helpers.php] (432)"
::1 [2020-02-17 09:13:23] ERROR "[4096] Argument 2 passed to Project\Support\Snippets\Validator::update() must be an instance of Project\Models\Snippet, instance of Project\Models\Podcasts given, called in C:\Xampp1\xampp\htdocs\Cigna\app\Project\Models\Podcasts.php on line 428 and defined [C:\Xampp1\xampp\htdocs\Cigna\app\Project\Support\Snippets\Validator.php] (65)"
::1 [2020-02-17 09:13:23] ERROR "[2] Cannot modify header information - headers already sent by (output started at C:\Xampp1\xampp\htdocs\Cigna\app\vendor\wingsline\storyframework\src\Story\Error.php:145) [C:\Xampp1\xampp\htdocs\Cigna\app\vendor\wingsline\storyframework\src\Story\helpers.php] (432)"
::1 [2020-02-17 09:13:27] ERROR "[4096] Argument 2 passed to Project\Support\Snippets\Validator::update() must be an instance of Project\Models\Snippet, instance of Project\Models\Podcasts given, called in C:\Xampp1\xampp\htdocs\Cigna\app\Project\Models\Podcasts.php on line 428 and defined [C:\Xampp1\xampp\htdocs\Cigna\app\Project\Support\Snippets\Validator.php] (65)"
::1 [2020-02-17 09:13:27] ERROR "[2] Cannot modify header information - headers already sent by (output started at C:\Xampp1\xampp\htdocs\Cigna\app\vendor\wingsline\storyframework\src\Story\Error.php:145) [C:\Xampp1\xampp\htdocs\Cigna\app\vendor\wingsline\storyframework\src\Story\helpers.php] (432)"
::1 [2020-02-17 09:14:47] ERROR "Class 'Project\Support\Podcasts\validator' not found [C:\Xampp1\xampp\htdocs\Cigna\app\Project\Models\Podcasts.php] (428)"
::1 [2020-02-17 09:16:23] ERROR "[4096] Argument 2 passed to Project\Support\Podcasts\Validator::update() must be an instance of Project\Support\Podcasts\Snippet, instance of Project\Models\Podcasts given, called in C:\Xampp1\xampp\htdocs\Cigna\app\Project\Models\Podcasts.php on line 428 and defined [C:\Xampp1\xampp\htdocs\Cigna\app\Project\Support\Podcasts\Validator.php] (65)"
::1 [2020-02-17 09:16:23] ERROR "Class 'Project\Support\Podcasts\Snippet' not found [C:\Xampp1\xampp\htdocs\Cigna\app\Project\Support\Podcasts\Validator.php] (73)"
::1 [2020-02-17 09:19:06] ERROR "Class 'Project\Support\Podcasts\Snippet' not found [C:\Xampp1\xampp\htdocs\Cigna\app\Project\Support\Podcasts\Validator.php] (73)"
::1 [2020-02-17 09:26:21] ERROR "Class 'Project\Controllers\Admin\Pages\Snippet' not found [C:\Xampp1\xampp\htdocs\Cigna\app\Project\Controllers\Admin\Pages\Podcast.php] (135)"
::1 [2020-02-17 09:27:12] ERROR "Class 'Project\Support\Podcasts\Snippet' not found [C:\Xampp1\xampp\htdocs\Cigna\app\Project\Support\Podcasts\Validator.php] (43)"
::1 [2020-02-17 09:34:47] ERROR "Call to undefined function money_format() [C:\Xampp1\xampp\htdocs\Cigna\app\themes\default\admin\subscriptions\category_items.partial.php] (23)"
::1 [2020-02-17 09:37:35] ERROR "[2] printf(): Too few arguments [C:\Xampp1\xampp\htdocs\Cigna\app\themes\default\admin\podcast\create.php] (87)"
::1 [2020-02-17 10:13:52] ERROR "[8] Undefined index: image_file [C:\Xampp1\xampp\htdocs\Cigna\app\Project\Models\Podcasts.php] (251)"
::1 [2020-02-17 10:13:52] ERROR "[8] Undefined index: image_file [C:\Xampp1\xampp\htdocs\Cigna\app\Project\Models\Podcasts.php] (253)"
::1 [2020-02-17 10:13:52] ERROR "[2] Cannot modify header information - headers already sent by (output started at C:\Xampp1\xampp\htdocs\Cigna\app\vendor\wingsline\storyframework\src\Story\Error.php:145) [C:\Xampp1\xampp\htdocs\Cigna\app\vendor\wingsline\storyframework\src\Story\helpers.php] (432)"
::1 [2020-02-17 10:14:45] ERROR "[8] Undefined index: image_file [C:\Xampp1\xampp\htdocs\Cigna\app\Project\Models\Podcasts.php] (251)"
::1 [2020-02-17 10:14:45] ERROR "[8] Undefined index: image_file [C:\Xampp1\xampp\htdocs\Cigna\app\Project\Models\Podcasts.php] (253)"
::1 [2020-02-17 10:14:45] ERROR "[2] Cannot modify header information - headers already sent by (output started at C:\Xampp1\xampp\htdocs\Cigna\app\vendor\wingsline\storyframework\src\Story\Error.php:145) [C:\Xampp1\xampp\htdocs\Cigna\app\vendor\wingsline\storyframework\src\Story\helpers.php] (432)"
::1 [2020-02-17 10:16:47] ERROR "[8] Undefined index: image_file [C:\Xampp1\xampp\htdocs\Cigna\app\Project\Models\Podcasts.php] (244)"
::1 [2020-02-17 10:16:47] ERROR "[8] Undefined index: audio_file [C:\Xampp1\xampp\htdocs\Cigna\app\Project\Models\Podcasts.php] (245)"
::1 [2020-02-17 10:16:47] ERROR "SQLSTATE[23000]: Integrity constraint violation: 1048 Column 'profile_img_path' cannot be null [C:\Xampp1\xampp\htdocs\Cigna\app\vendor\wingsline\storyframework\src\Story\DB.php] (167)"
::1 [2020-02-17 10:18:14] ERROR "[8] Undefined index: image_file [C:\Xampp1\xampp\htdocs\Cigna\app\Project\Models\Podcasts.php] (244)"
::1 [2020-02-17 10:18:14] ERROR "[8] Undefined index: audio_file [C:\Xampp1\xampp\htdocs\Cigna\app\Project\Models\Podcasts.php] (245)"
::1 [2020-02-17 10:18:14] ERROR "[8] Undefined index: image_file [C:\Xampp1\xampp\htdocs\Cigna\app\Project\Models\Podcasts.php] (251)"
::1 [2020-02-17 10:18:14] ERROR "[8] Undefined index: image_file [C:\Xampp1\xampp\htdocs\Cigna\app\Project\Models\Podcasts.php] (253)"
::1 [2020-02-17 10:18:14] ERROR "SQLSTATE[23000]: Integrity constraint violation: 1048 Column 'profile_img_path' cannot be null [C:\Xampp1\xampp\htdocs\Cigna\app\vendor\wingsline\storyframework\src\Story\DB.php] (167)"
::1 [2020-02-17 10:18:17] ERROR "[8] Undefined index: image_file [C:\Xampp1\xampp\htdocs\Cigna\app\Project\Models\Podcasts.php] (244)"
::1 [2020-02-17 10:18:17] ERROR "[8] Undefined index: audio_file [C:\Xampp1\xampp\htdocs\Cigna\app\Project\Models\Podcasts.php] (245)"
::1 [2020-02-17 10:18:17] ERROR "[8] Undefined index: image_file [C:\Xampp1\xampp\htdocs\Cigna\app\Project\Models\Podcasts.php] (251)"
::1 [2020-02-17 10:18:17] ERROR "[8] Undefined index: image_file [C:\Xampp1\xampp\htdocs\Cigna\app\Project\Models\Podcasts.php] (253)"
::1 [2020-02-17 10:18:17] ERROR "SQLSTATE[23000]: Integrity constraint violation: 1048 Column 'profile_img_path' cannot be null [C:\Xampp1\xampp\htdocs\Cigna\app\vendor\wingsline\storyframework\src\Story\DB.php] (167)"
::1 [2020-02-17 10:26:34] ERROR "[8] Undefined index: image_file [C:\Xampp1\xampp\htdocs\Cigna\app\Project\Models\Podcasts.php] (244)"
::1 [2020-02-17 10:26:34] ERROR "[8] Undefined index: audio_file [C:\Xampp1\xampp\htdocs\Cigna\app\Project\Models\Podcasts.php] (245)"
::1 [2020-02-17 10:26:34] ERROR "[8] Undefined index: image_file [C:\Xampp1\xampp\htdocs\Cigna\app\Project\Models\Podcasts.php] (253)"
::1 [2020-02-17 10:26:34] ERROR "SQLSTATE[23000]: Integrity constraint violation: 1048 Column 'profile_img_path' cannot be null [C:\Xampp1\xampp\htdocs\Cigna\app\vendor\wingsline\storyframework\src\Story\DB.php] (167)"
::1 [2020-02-17 10:27:20] ERROR "[8] Undefined index: image_file [C:\Xampp1\xampp\htdocs\Cigna\app\Project\Models\Podcasts.php] (234)"
::1 [2020-02-17 10:30:14] ERROR "[8] Undefined index: image_file [C:\Xampp1\xampp\htdocs\Cigna\app\Project\Models\Podcasts.php] (236)"
::1 [2020-02-17 10:30:17] ERROR "[8] Undefined index: image_file [C:\Xampp1\xampp\htdocs\Cigna\app\Project\Models\Podcasts.php] (236)"
::1 [2020-02-17 10:30:43] ERROR "[8] Undefined index: image_file [C:\Xampp1\xampp\htdocs\Cigna\app\Project\Models\Podcasts.php] (237)"
::1 [2020-02-17 10:30:58] ERROR "[8] Undefined index: image_file [C:\Xampp1\xampp\htdocs\Cigna\app\Project\Models\Podcasts.php] (234)"
::1 [2020-02-17 10:30:58] ERROR "[8] Undefined index: image_file [C:\Xampp1\xampp\htdocs\Cigna\app\Project\Models\Podcasts.php] (237)"
